<?xml version="1.0" encoding="UTF-8"?>
<!-- Generated by org.testng.reporters.JUnitXMLReporter -->
<testsuite ignored="0" hostname="LAPTOP-VTUTN60H" failures="11" tests="37" name="Surefire test" time="70.269" errors="0" timestamp="2024-09-30T22:00:32 IST">
  <testcase classname="com.iris22a.ProductTest" name="m10" time="0.013"/>
  <testcase classname="com.iris22a.ProductTest" name="m11" time="0.0"/>
  <testcase classname="com.iris22a.ProductTest" name="m12" time="0.0"/>
  <testcase classname="com.iris22a.ProductTest" name="m3" time="0.0"/>
  <testcase classname="com.iris22a.ProductTest" name="m4" time="0.001"/>
  <testcase classname="com.iris22a.ProductTest" name="m5" time="0.0"/>
  <testcase classname="com.iris22a.ProductTest" name="m6" time="0.001"/>
  <testcase classname="com.iris22a.ProductTest" name="m7" time="0.001"/>
  <testcase classname="com.iris22a.ProductTest" name="m8" time="0.001"/>
  <testcase classname="com.iris22a.ProductTest" name="m9" time="0.001"/>
  <testcase classname="com.iris22a.ProductTest" name="verifyCategoryListForTopWears" time="0.014">
    <failure type="java.lang.NullPointerException" message="Cannot invoke &amp;quot;org.openqa.selenium.remote.RemoteWebDriver.get(String)&amp;quot; because the return value of &amp;quot;java.lang.ThreadLocal.get()&amp;quot; is null">
      <![CDATA[java.lang.NullPointerException: Cannot invoke "org.openqa.selenium.remote.RemoteWebDriver.get(String)" because the return value of "java.lang.ThreadLocal.get()" is null
at com.iris22a.keywords.UIkeyword.launchUrl(UIkeyword.java:45)
at com.iris22a.ProductTest.verifyCategoryListForTopWears(ProductTest.java:50)
at java.base/java.util.ArrayList.forEach(ArrayList.java:1597)
... Removed 30 stack frames]]>
    </failure>
  </testcase> <!-- verifyCategoryListForTopWears -->
  <testcase classname="com.iris22a.ProductTest" name="verifyItemCountOfCasualShirts" time="0.002">
    <failure type="java.lang.NullPointerException" message="Cannot invoke &amp;quot;org.openqa.selenium.remote.RemoteWebDriver.get(String)&amp;quot; because the return value of &amp;quot;java.lang.ThreadLocal.get()&amp;quot; is null">
      <![CDATA[java.lang.NullPointerException: Cannot invoke "org.openqa.selenium.remote.RemoteWebDriver.get(String)" because the return value of "java.lang.ThreadLocal.get()" is null
at com.iris22a.keywords.UIkeyword.launchUrl(UIkeyword.java:45)
at com.iris22a.ProductTest.verifyItemCountOfCasualShirts(ProductTest.java:66)
at java.base/java.util.ArrayList.forEach(ArrayList.java:1597)
... Removed 30 stack frames]]>
    </failure>
  </testcase> <!-- verifyItemCountOfCasualShirts -->
  <testcase classname="com.iris22a.ProductTest" name="verifySearchResultForPoloMen" time="0.004">
    <failure type="java.lang.NullPointerException" message="Cannot invoke &amp;quot;org.openqa.selenium.remote.RemoteWebDriver.get(String)&amp;quot; because the return value of &amp;quot;java.lang.ThreadLocal.get()&amp;quot; is null">
      <![CDATA[java.lang.NullPointerException: Cannot invoke "org.openqa.selenium.remote.RemoteWebDriver.get(String)" because the return value of "java.lang.ThreadLocal.get()" is null
at com.iris22a.keywords.UIkeyword.launchUrl(UIkeyword.java:45)
at com.iris22a.ProductTest.verifySearchResultForPoloMen(ProductTest.java:25)
at java.base/java.util.ArrayList.forEach(ArrayList.java:1597)
... Removed 30 stack frames]]>
    </failure>
  </testcase> <!-- verifySearchResultForPoloMen -->
  <testcase classname="io.cucumber.testng.AbstractTestNGCucumberTests" name="runScenario" time="11.909">
    <failure type="java.lang.AssertionError" message="Product title doesn&amp;apos;t contain polo:  expected [true] but found [false]">
      <![CDATA[java.lang.AssertionError: Product title doesn't contain polo:  expected [true] but found [false]
at com.iris22a.stepdefinition.ProductsSteps.getSearchResult(ProductsSteps.java:46)
at ✽.All result should be related to polo.(file:///C:/Users/poonam/eclipse-workspace/iris22a/src/test/resources/Features/Sample.feature:18)
... Removed 3 stack frames]]>
    </failure>
  </testcase> <!-- runScenario -->
  <testcase classname="io.cucumber.testng.AbstractTestNGCucumberTests" name="runScenario" time="14.984">
    <failure type="java.lang.AssertionError" message="Product title doesn&amp;apos;t contain polo: Striped Regular Fit T-shirt expected [true] but found [false]">
      <![CDATA[java.lang.AssertionError: Product title doesn't contain polo: Striped Regular Fit T-shirt expected [true] but found [false]
at com.iris22a.stepdefinition.ProductsSteps.getSearchResult(ProductsSteps.java:46)
at ✽.All result should be related to polo.(file:///C:/Users/poonam/eclipse-workspace/iris22a/src/test/resources/Features/Sample.feature:7)
... Removed 3 stack frames]]>
    </failure>
  </testcase> <!-- runScenario -->
  <testcase classname="io.cucumber.testng.AbstractTestNGCucumberTests" name="runScenario" time="14.999"/>
  <testcase classname="io.cucumber.testng.AbstractTestNGCucumberTests" name="runScenario" time="14.999"/>
  <testcase classname="io.cucumber.testng.AbstractTestNGCucumberTests" name="runScenario" time="9.667"/>
  <testcase classname="io.cucumber.testng.AbstractTestNGCucumberTests" name="runScenario" time="9.651"/>
  <testcase classname="io.cucumber.testng.AbstractTestNGCucumberTests" name="runScenario" time="12.733">
    <failure type="java.lang.AssertionError" message="Product title doesn&amp;apos;t contain polo: Striped Regular Fit T-shirt expected [true] but found [false]">
      <![CDATA[java.lang.AssertionError: Product title doesn't contain polo: Striped Regular Fit T-shirt expected [true] but found [false]
at com.iris22a.stepdefinition.ProductsSteps.getSearchResult(ProductsSteps.java:46)
at ✽.All result should be related to polo.(file:///C:/Users/poonam/eclipse-workspace/iris22a/src/test/resources/Features/Sample.feature:30)
... Removed 3 stack frames]]>
    </failure>
  </testcase> <!-- runScenario -->
  <testcase classname="io.cucumber.testng.AbstractTestNGCucumberTests" name="runScenario" time="1.499"/>
  <testcase classname="io.cucumber.testng.AbstractTestNGCucumberTests" name="runScenario" time="1.781"/>
  <testcase classname="io.cucumber.testng.AbstractTestNGCucumberTests" name="runScenario" time="1.813"/>
  <testcase classname="io.cucumber.testng.AbstractTestNGCucumberTests" name="runScenario" time="11.731">
    <failure type="java.lang.AssertionError" message="Product title doesn&amp;apos;t contain polo:  expected [true] but found [false]">
      <![CDATA[java.lang.AssertionError: Product title doesn't contain polo:  expected [true] but found [false]
at com.iris22a.stepdefinition.ProductsSteps.getSearchResult(ProductsSteps.java:46)
at ✽.All result should be related to polo.(file:///C:/Users/poonam/eclipse-workspace/iris22a/src/test/resources/Features/Sample.feature:40)
... Removed 3 stack frames]]>
    </failure>
  </testcase> <!-- runScenario -->
  <testcase classname="io.cucumber.testng.AbstractTestNGCucumberTests" name="runScenario" time="1.759"/>
  <testcase classname="io.cucumber.testng.AbstractTestNGCucumberTests" name="runScenario" time="2.167"/>
  <testcase classname="io.cucumber.testng.AbstractTestNGCucumberTests" name="runScenario" time="2.277"/>
  <testcase classname="io.cucumber.testng.AbstractTestNGCucumberTests" name="runScenario" time="2.575"/>
  <testcase classname="io.cucumber.testng.AbstractTestNGCucumberTests" name="runScenario" time="2.718"/>
  <testcase classname="io.cucumber.testng.AbstractTestNGCucumberTests" name="runScenario" time="9.411">
    <failure type="java.lang.AssertionError" message="Product title doesn&amp;apos;t contain polo: Striped Regular Fit T-shirt expected [true] but found [false]">
      <![CDATA[java.lang.AssertionError: Product title doesn't contain polo: Striped Regular Fit T-shirt expected [true] but found [false]
at com.iris22a.stepdefinition.ProductsSteps.getSearchResult(ProductsSteps.java:46)
at ✽.All result should be related to polo.(file:///C:/Users/poonam/eclipse-workspace/iris22a/src/test/resources/Features/products.feature:7)
... Removed 3 stack frames]]>
    </failure>
  </testcase> <!-- runScenario -->
  <testcase classname="io.cucumber.testng.AbstractTestNGCucumberTests" name="runScenario" time="9.501">
    <failure type="java.lang.AssertionError" message="Product title doesn&amp;apos;t contain polo: Striped Regular Fit T-shirt expected [true] but found [false]">
      <![CDATA[java.lang.AssertionError: Product title doesn't contain polo: Striped Regular Fit T-shirt expected [true] but found [false]
at com.iris22a.stepdefinition.ProductsSteps.getSearchResult(ProductsSteps.java:46)
at ✽.All result should be related to polo.(file:///C:/Users/poonam/eclipse-workspace/iris22a/src/test/resources/Features/products.feature:18)
... Removed 3 stack frames]]>
    </failure>
  </testcase> <!-- runScenario -->
  <testcase classname="io.cucumber.testng.AbstractTestNGCucumberTests" name="runScenario" time="11.313"/>
  <testcase classname="io.cucumber.testng.AbstractTestNGCucumberTests" name="runScenario" time="9.1"/>
  <testcase classname="io.cucumber.testng.AbstractTestNGCucumberTests" name="runScenario" time="8.687"/>
  <testcase classname="io.cucumber.testng.AbstractTestNGCucumberTests" name="runScenario" time="10.192"/>
  <testcase classname="io.cucumber.testng.AbstractTestNGCucumberTests" name="runScenario" time="10.956">
    <failure type="java.lang.AssertionError" message="Product title doesn&amp;apos;t contain polo: Striped Regular Fit T-shirt expected [true] but found [false]">
      <![CDATA[java.lang.AssertionError: Product title doesn't contain polo: Striped Regular Fit T-shirt expected [true] but found [false]
at com.iris22a.stepdefinition.ProductsSteps.getSearchResult(ProductsSteps.java:46)
at ✽.All result should be related to polo.(file:///C:/Users/poonam/eclipse-workspace/iris22a/src/test/resources/Features/products.feature:40)
... Removed 3 stack frames]]>
    </failure>
  </testcase> <!-- runScenario -->
  <testcase classname="io.cucumber.testng.AbstractTestNGCucumberTests" name="runScenario" time="31.477">
    <failure type="java.lang.AssertionError" message="Product title doesn&amp;apos;t contain polo:  expected [true] but found [false]">
      <![CDATA[java.lang.AssertionError: Product title doesn't contain polo:  expected [true] but found [false]
at com.iris22a.stepdefinition.ProductsSteps.getSearchResult(ProductsSteps.java:46)
at ✽.All result should be related to polo.(file:///C:/Users/poonam/eclipse-workspace/iris22a/src/test/resources/Features/products.feature:30)
... Removed 3 stack frames]]>
    </failure>
  </testcase> <!-- runScenario -->
</testsuite> <!-- Surefire test -->
