<?xml version="1.0" encoding="UTF-8"?>
<!-- Generated by org.testng.reporters.JUnitXMLReporter -->
<testsuite ignored="0" hostname="LAPTOP-VTUTN60H" failures="12" tests="37" name="Surefire test" time="46.163" errors="0" timestamp="2024-10-01T11:51:55 IST">
  <testcase classname="com.iris22a.ProductTest" name="m10" time="0.15"/>
  <testcase classname="com.iris22a.ProductTest" name="m11" time="0.004"/>
  <testcase classname="com.iris22a.ProductTest" name="m12" time="0.003"/>
  <testcase classname="com.iris22a.ProductTest" name="m3" time="0.003"/>
  <testcase classname="com.iris22a.ProductTest" name="m4" time="0.002"/>
  <testcase classname="com.iris22a.ProductTest" name="m5" time="0.003"/>
  <testcase classname="com.iris22a.ProductTest" name="m6" time="0.002"/>
  <testcase classname="com.iris22a.ProductTest" name="m7" time="0.001"/>
  <testcase classname="com.iris22a.ProductTest" name="m8" time="0.001"/>
  <testcase classname="com.iris22a.ProductTest" name="m9" time="0.001"/>
  <testcase classname="com.iris22a.ProductTest" name="verifyCategoryListForTopWears" time="0.015">
    <failure type="java.lang.NullPointerException" message="Cannot invoke &amp;quot;org.openqa.selenium.remote.RemoteWebDriver.get(String)&amp;quot; because the return value of &amp;quot;java.lang.ThreadLocal.get()&amp;quot; is null">
      <![CDATA[java.lang.NullPointerException: Cannot invoke "org.openqa.selenium.remote.RemoteWebDriver.get(String)" because the return value of "java.lang.ThreadLocal.get()" is null
at com.iris22a.keywords.UIkeyword.launchUrl(UIkeyword.java:45)
at com.iris22a.ProductTest.verifyCategoryListForTopWears(ProductTest.java:51)
at java.base/java.util.ArrayList.forEach(ArrayList.java:1597)
... Removed 30 stack frames]]>
    </failure>
  </testcase> <!-- verifyCategoryListForTopWears -->
  <testcase classname="com.iris22a.ProductTest" name="verifyItemCountOfCasualShirts" time="0.001">
    <failure type="java.lang.NullPointerException" message="Cannot invoke &amp;quot;org.openqa.selenium.remote.RemoteWebDriver.get(String)&amp;quot; because the return value of &amp;quot;java.lang.ThreadLocal.get()&amp;quot; is null">
      <![CDATA[java.lang.NullPointerException: Cannot invoke "org.openqa.selenium.remote.RemoteWebDriver.get(String)" because the return value of "java.lang.ThreadLocal.get()" is null
at com.iris22a.keywords.UIkeyword.launchUrl(UIkeyword.java:45)
at com.iris22a.ProductTest.verifyItemCountOfCasualShirts(ProductTest.java:67)
at java.base/java.util.ArrayList.forEach(ArrayList.java:1597)
... Removed 30 stack frames]]>
    </failure>
  </testcase> <!-- verifyItemCountOfCasualShirts -->
  <testcase classname="com.iris22a.ProductTest" name="verifySearchResultForPoloMen" time="0.007">
    <failure type="java.lang.NullPointerException" message="Cannot invoke &amp;quot;org.openqa.selenium.remote.RemoteWebDriver.get(String)&amp;quot; because the return value of &amp;quot;java.lang.ThreadLocal.get()&amp;quot; is null">
      <![CDATA[java.lang.NullPointerException: Cannot invoke "org.openqa.selenium.remote.RemoteWebDriver.get(String)" because the return value of "java.lang.ThreadLocal.get()" is null
at com.iris22a.keywords.UIkeyword.launchUrl(UIkeyword.java:45)
at com.iris22a.ProductTest.verifySearchResultForPoloMen(ProductTest.java:26)
at java.base/java.util.ArrayList.forEach(ArrayList.java:1597)
... Removed 30 stack frames]]>
    </failure>
  </testcase> <!-- verifySearchResultForPoloMen -->
  <testcase classname="io.cucumber.testng.AbstractTestNGCucumberTests" name="runScenario" time="12.985"/>
  <testcase classname="io.cucumber.testng.AbstractTestNGCucumberTests" name="runScenario" time="13.226"/>
  <testcase classname="io.cucumber.testng.AbstractTestNGCucumberTests" name="runScenario" time="13.505">
    <failure type="java.lang.AssertionError" message="Product title doesn&amp;apos;t contain polo: Women Striped Cotton T-shirt expected [true] but found [false]">
      <![CDATA[java.lang.AssertionError: Product title doesn't contain polo: Women Striped Cotton T-shirt expected [true] but found [false]
at com.iris22a.stepdefinition.ProductsSteps.getSearchResult(ProductsSteps.java:46)
at ✽.All result should be related to polo.(file:///C:/Users/poonam/eclipse-workspace/iris22a/src/test/resources/Features/Sample.feature:18)
... Removed 3 stack frames]]>
    </failure>
  </testcase> <!-- runScenario -->
  <testcase classname="io.cucumber.testng.AbstractTestNGCucumberTests" name="runScenario" time="15.117">
    <failure type="java.lang.AssertionError" message="Product title doesn&amp;apos;t contain polo: Women Striped Cotton T-shirt expected [true] but found [false]">
      <![CDATA[java.lang.AssertionError: Product title doesn't contain polo: Women Striped Cotton T-shirt expected [true] but found [false]
at com.iris22a.stepdefinition.ProductsSteps.getSearchResult(ProductsSteps.java:46)
at ✽.All result should be related to polo.(file:///C:/Users/poonam/eclipse-workspace/iris22a/src/test/resources/Features/Sample.feature:7)
... Removed 3 stack frames]]>
    </failure>
  </testcase> <!-- runScenario -->
  <testcase classname="io.cucumber.testng.AbstractTestNGCucumberTests" name="runScenario" time="8.779"/>
  <testcase classname="io.cucumber.testng.AbstractTestNGCucumberTests" name="runScenario" time="9.012">
    <failure type="java.lang.AssertionError" message="Product title doesn&amp;apos;t contain polo: Women Striped Cotton T-shirt expected [true] but found [false]">
      <![CDATA[java.lang.AssertionError: Product title doesn't contain polo: Women Striped Cotton T-shirt expected [true] but found [false]
at com.iris22a.stepdefinition.ProductsSteps.getSearchResult(ProductsSteps.java:46)
at ✽.All result should be related to polo.(file:///C:/Users/poonam/eclipse-workspace/iris22a/src/test/resources/Features/Sample.feature:30)
... Removed 3 stack frames]]>
    </failure>
  </testcase> <!-- runScenario -->
  <testcase classname="io.cucumber.testng.AbstractTestNGCucumberTests" name="runScenario" time="1.797"/>
  <testcase classname="io.cucumber.testng.AbstractTestNGCucumberTests" name="runScenario" time="1.843"/>
  <testcase classname="io.cucumber.testng.AbstractTestNGCucumberTests" name="runScenario" time="10.412">
    <failure type="java.lang.AssertionError" message="Product title doesn&amp;apos;t contain polo: Women Striped Cotton T-shirt expected [true] but found [false]">
      <![CDATA[java.lang.AssertionError: Product title doesn't contain polo: Women Striped Cotton T-shirt expected [true] but found [false]
at com.iris22a.stepdefinition.ProductsSteps.getSearchResult(ProductsSteps.java:46)
at ✽.All result should be related to polo.(file:///C:/Users/poonam/eclipse-workspace/iris22a/src/test/resources/Features/Sample.feature:40)
... Removed 3 stack frames]]>
    </failure>
  </testcase> <!-- runScenario -->
  <testcase classname="io.cucumber.testng.AbstractTestNGCucumberTests" name="runScenario" time="9.04"/>
  <testcase classname="io.cucumber.testng.AbstractTestNGCucumberTests" name="runScenario" time="1.73"/>
  <testcase classname="io.cucumber.testng.AbstractTestNGCucumberTests" name="runScenario" time="1.753"/>
  <testcase classname="io.cucumber.testng.AbstractTestNGCucumberTests" name="runScenario" time="2.021"/>
  <testcase classname="io.cucumber.testng.AbstractTestNGCucumberTests" name="runScenario" time="1.807"/>
  <testcase classname="io.cucumber.testng.AbstractTestNGCucumberTests" name="runScenario" time="2.236"/>
  <testcase classname="io.cucumber.testng.AbstractTestNGCucumberTests" name="runScenario" time="2.371"/>
  <testcase classname="io.cucumber.testng.AbstractTestNGCucumberTests" name="runScenario" time="10.37">
    <failure type="java.lang.AssertionError" message="Product title doesn&amp;apos;t contain polo: Women Striped Cotton T-shirt expected [true] but found [false]">
      <![CDATA[java.lang.AssertionError: Product title doesn't contain polo: Women Striped Cotton T-shirt expected [true] but found [false]
at com.iris22a.stepdefinition.ProductsSteps.getSearchResult(ProductsSteps.java:46)
at ✽.All result should be related to polo.(file:///C:/Users/poonam/eclipse-workspace/iris22a/src/test/resources/Features/products.feature:7)
... Removed 3 stack frames]]>
    </failure>
  </testcase> <!-- runScenario -->
  <testcase classname="io.cucumber.testng.AbstractTestNGCucumberTests" name="runScenario" time="10.439"/>
  <testcase classname="io.cucumber.testng.AbstractTestNGCucumberTests" name="runScenario" time="8.483"/>
  <testcase classname="io.cucumber.testng.AbstractTestNGCucumberTests" name="runScenario" time="8.781">
    <failure type="java.lang.AssertionError" message="Product title doesn&amp;apos;t contain polo: Women Striped Cotton T-shirt expected [true] but found [false]">
      <![CDATA[java.lang.AssertionError: Product title doesn't contain polo: Women Striped Cotton T-shirt expected [true] but found [false]
at com.iris22a.stepdefinition.ProductsSteps.getSearchResult(ProductsSteps.java:46)
at ✽.All result should be related to polo.(file:///C:/Users/poonam/eclipse-workspace/iris22a/src/test/resources/Features/products.feature:18)
... Removed 3 stack frames]]>
    </failure>
  </testcase> <!-- runScenario -->
  <testcase classname="io.cucumber.testng.AbstractTestNGCucumberTests" name="runScenario" time="6.038">
    <failure type="org.openqa.selenium.StaleElementReferenceException" message="stale element reference: stale element not found in the current frame
  (Session info: chrome=129.0.6668.70)
For documentation on this error, please visit: https://www.selenium.dev/documentation/webdriver/troubleshooting/errors#stale-element-reference-exception
Build info: version: &amp;apos;4.23.1&amp;apos;, revision: &amp;apos;656257d8e9&amp;apos;
System info: os.name: &amp;apos;Windows 11&amp;apos;, os.arch: &amp;apos;amd64&amp;apos;, os.version: &amp;apos;10.0&amp;apos;, java.version: &amp;apos;22.0.2&amp;apos;
Driver info: org.openqa.selenium.chrome.ChromeDriver
Command: [c928b7c5aa0d98679823a08534f9088a, actions {actions=[org.openqa.selenium.interactions.Sequence@158cf427]}]
Capabilities {acceptInsecureCerts: false, browserName: chrome, browserVersion: 129.0.6668.70, chrome: {chromedriverVersion: 129.0.6668.70 (df87d5cf12b1..., userDataDir: C:\Users\poonam\AppData\Loc...}, fedcm:accounts: true, goog:chromeOptions: {debuggerAddress: localhost:59163}, networkConnectionEnabled: false, pageLoadStrategy: normal, platformName: windows, proxy: Proxy(), se:cdp: ws://localhost:59163/devtoo..., se:cdpVersion: 129.0.6668.70, setWindowRect: true, strictFileInteractability: false, timeouts: {implicit: 0, pageLoad: 300000, script: 30000}, unhandledPromptBehavior: dismiss and notify, webauthn:extension:credBlob: true, webauthn:extension:largeBlob: true, webauthn:extension:minPinLength: true, webauthn:extension:prf: true, webauthn:virtualAuthenticators: true}
Session ID: c928b7c5aa0d98679823a08534f9088a">
      <![CDATA[org.openqa.selenium.StaleElementReferenceException: stale element reference: stale element not found in the current frame
  (Session info: chrome=129.0.6668.70)
For documentation on this error, please visit: https://www.selenium.dev/documentation/webdriver/troubleshooting/errors#stale-element-reference-exception
Build info: version: '4.23.1', revision: '656257d8e9'
System info: os.name: 'Windows 11', os.arch: 'amd64', os.version: '10.0', java.version: '22.0.2'
Driver info: org.openqa.selenium.chrome.ChromeDriver
Command: [c928b7c5aa0d98679823a08534f9088a, actions {actions=[org.openqa.selenium.interactions.Sequence@158cf427]}]
Capabilities {acceptInsecureCerts: false, browserName: chrome, browserVersion: 129.0.6668.70, chrome: {chromedriverVersion: 129.0.6668.70 (df87d5cf12b1..., userDataDir: C:\Users\poonam\AppData\Loc...}, fedcm:accounts: true, goog:chromeOptions: {debuggerAddress: localhost:59163}, networkConnectionEnabled: false, pageLoadStrategy: normal, platformName: windows, proxy: Proxy(), se:cdp: ws://localhost:59163/devtoo..., se:cdpVersion: 129.0.6668.70, setWindowRect: true, strictFileInteractability: false, timeouts: {implicit: 0, pageLoad: 300000, script: 30000}, unhandledPromptBehavior: dismiss and notify, webauthn:extension:credBlob: true, webauthn:extension:largeBlob: true, webauthn:extension:minPinLength: true, webauthn:extension:prf: true, webauthn:virtualAuthenticators: true}
Session ID: c928b7c5aa0d98679823a08534f9088a
at org.openqa.selenium.remote.ErrorCodec.decode(ErrorCodec.java:167)
at org.openqa.selenium.remote.codec.w3c.W3CHttpResponseCodec.decode(W3CHttpResponseCodec.java:138)
at org.openqa.selenium.remote.codec.w3c.W3CHttpResponseCodec.decode(W3CHttpResponseCodec.java:50)
at org.openqa.selenium.remote.HttpCommandExecutor.execute(HttpCommandExecutor.java:190)
at org.openqa.selenium.remote.service.DriverCommandExecutor.invokeExecute(DriverCommandExecutor.java:216)
at org.openqa.selenium.remote.service.DriverCommandExecutor.execute(DriverCommandExecutor.java:174)
at org.openqa.selenium.remote.RemoteWebDriver.execute(RemoteWebDriver.java:545)
at org.openqa.selenium.remote.RemoteWebDriver.perform(RemoteWebDriver.java:631)
at org.openqa.selenium.interactions.Actions$BuiltAction.perform(Actions.java:613)
at org.openqa.selenium.interactions.Actions.perform(Actions.java:578)
at com.iris22a.keywords.UIkeyword.mouseMove(UIkeyword.java:176)
at com.iris22a.pages.HomePage.hoverOnMenMenu(HomePage.java:53)
at com.iris22a.stepdefinition.ProductsSteps.hoverOnMenMenu(ProductsSteps.java:55)
at ✽.User hovers on men menu(file:///C:/Users/poonam/eclipse-workspace/iris22a/src/test/resources/Features/products.feature:34)
... Removed 3 stack frames]]>
    </failure>
  </testcase> <!-- runScenario -->
  <testcase classname="io.cucumber.testng.AbstractTestNGCucumberTests" name="runScenario" time="7.36">
    <failure type="java.lang.AssertionError" message="Product title doesn&amp;apos;t contain polo: Women Striped Cotton T-shirt expected [true] but found [false]">
      <![CDATA[java.lang.AssertionError: Product title doesn't contain polo: Women Striped Cotton T-shirt expected [true] but found [false]
at com.iris22a.stepdefinition.ProductsSteps.getSearchResult(ProductsSteps.java:46)
at ✽.All result should be related to polo.(file:///C:/Users/poonam/eclipse-workspace/iris22a/src/test/resources/Features/products.feature:30)
... Removed 3 stack frames]]>
    </failure>
  </testcase> <!-- runScenario -->
  <testcase classname="io.cucumber.testng.AbstractTestNGCucumberTests" name="runScenario" time="7.465">
    <failure type="java.lang.AssertionError" message="Product title doesn&amp;apos;t contain polo: Women Striped Cotton T-shirt expected [true] but found [false]">
      <![CDATA[java.lang.AssertionError: Product title doesn't contain polo: Women Striped Cotton T-shirt expected [true] but found [false]
at com.iris22a.stepdefinition.ProductsSteps.getSearchResult(ProductsSteps.java:46)
at ✽.All result should be related to polo.(file:///C:/Users/poonam/eclipse-workspace/iris22a/src/test/resources/Features/products.feature:40)
... Removed 3 stack frames]]>
    </failure>
  </testcase> <!-- runScenario -->
  <testcase classname="io.cucumber.testng.AbstractTestNGCucumberTests" name="runScenario" time="7.908"/>
</testsuite> <!-- Surefire test -->
