<?xml version="1.0" encoding="UTF-8"?>
<testsuite xmlns:xsi="http://www.w3.org/2001/XMLSchema-instance" xsi:noNamespaceSchemaLocation="https://maven.apache.org/surefire/maven-surefire-plugin/xsd/surefire-test-report.xsd" name="TestSuite" time="47.886" tests="37" errors="0" skipped="0" failures="12">
  <properties>
[...]
</properties>
  <testcase name="m10" classname="com.iris22a.ProductTest" time="0.259"/>
  <testcase name="m11" classname="com.iris22a.ProductTest" time="0.004"/>
  <testcase name="m12" classname="com.iris22a.ProductTest" time="0.004"/>
  <testcase name="m3" classname="com.iris22a.ProductTest" time="0.004"/>
  <testcase name="m4" classname="com.iris22a.ProductTest" time="0.005"/>
  <testcase name="m5" classname="com.iris22a.ProductTest" time="0.006"/>
  <testcase name="m6" classname="com.iris22a.ProductTest" time="0.004"/>
  <testcase name="m7" classname="com.iris22a.ProductTest" time="0.002"/>
  <testcase name="m8" classname="com.iris22a.ProductTest" time="0.002"/>
  <testcase name="m9" classname="com.iris22a.ProductTest" time="0.003"/>
  <testcase name="verifyCategoryListForTopWears" classname="com.iris22a.ProductTest" time="0.042">
    <failure message="Cannot invoke &quot;org.openqa.selenium.remote.RemoteWebDriver.get(String)&quot; because the return value of &quot;java.lang.ThreadLocal.get()&quot; is null" type="java.lang.NullPointerException">java.lang.NullPointerException: Cannot invoke "org.openqa.selenium.remote.RemoteWebDriver.get(String)" because the return value of "java.lang.ThreadLocal.get()" is null
	at com.iris22a.ProductTest.verifyCategoryListForTopWears(ProductTest.java:51)
</failure>
  </testcase>
  <testcase name="verifyItemCountOfCasualShirts" classname="com.iris22a.ProductTest" time="0.004">
    <failure message="Cannot invoke &quot;org.openqa.selenium.remote.RemoteWebDriver.get(String)&quot; because the return value of &quot;java.lang.ThreadLocal.get()&quot; is null" type="java.lang.NullPointerException">java.lang.NullPointerException: Cannot invoke "org.openqa.selenium.remote.RemoteWebDriver.get(String)" because the return value of "java.lang.ThreadLocal.get()" is null
	at com.iris22a.ProductTest.verifyItemCountOfCasualShirts(ProductTest.java:67)
</failure>
  </testcase>
  <testcase name="verifySearchResultForPoloMen" classname="com.iris22a.ProductTest" time="0.009">
    <failure message="Cannot invoke &quot;org.openqa.selenium.remote.RemoteWebDriver.get(String)&quot; because the return value of &quot;java.lang.ThreadLocal.get()&quot; is null" type="java.lang.NullPointerException">java.lang.NullPointerException: Cannot invoke "org.openqa.selenium.remote.RemoteWebDriver.get(String)" because the return value of "java.lang.ThreadLocal.get()" is null
	at com.iris22a.ProductTest.verifySearchResultForPoloMen(ProductTest.java:26)
</failure>
  </testcase>
  <testcase name="runScenario" classname="com.runner.RunnerTest" time="12.991"/>
  <testcase name="runScenario" classname="com.runner.RunnerTest" time="0.233"/>
  <testcase name="runScenario" classname="com.runner.RunnerTest" time="0.284">
    <failure message="Product title doesn&apos;t contain polo: Women Striped Cotton T-shirt expected [true] but found [false]" type="java.lang.AssertionError">java.lang.AssertionError: Product title doesn't contain polo: Women Striped Cotton T-shirt expected [true] but found [false]
</failure>
    <system-out><![CDATA[Open browserChrome
Chrome Method call to open browser
]]></system-out>
  </testcase>
  <testcase name="runScenario" classname="com.runner.RunnerTest" time="1.607">
    <failure message="Product title doesn&apos;t contain polo: Women Striped Cotton T-shirt expected [true] but found [false]" type="java.lang.AssertionError">java.lang.AssertionError: Product title doesn't contain polo: Women Striped Cotton T-shirt expected [true] but found [false]
</failure>
    <system-out><![CDATA[Open browserChrome
Chrome Method call to open browser
Chrome browser is launched successfully.
Chrome browser is launched successfully.
Chrome browser is launched successfully.
]]></system-out>
    <system-err><![CDATA[Oct 01, 2024 11:51:24 AM org.openqa.selenium.devtools.CdpVersionFinder findNearestMatch
WARNING: Unable to find an exact match for CDP version 129, returning the closest version; found: 127; Please update to a Selenium version that supports CDP version 129
Oct 01, 2024 11:51:24 AM org.openqa.selenium.devtools.CdpVersionFinder findNearestMatch
WARNING: Unable to find an exact match for CDP version 129, returning the closest version; found: 127; Please update to a Selenium version that supports CDP version 129
Oct 01, 2024 11:51:25 AM org.openqa.selenium.devtools.CdpVersionFinder findNearestMatch
WARNING: Unable to find an exact match for CDP version 129, returning the closest version; found: 127; Please update to a Selenium version that supports CDP version 129
]]></system-err>
  </testcase>
  <testcase name="runScenario" classname="com.runner.RunnerTest" time="6.892"/>
  <testcase name="runScenario" classname="com.runner.RunnerTest" time="6.892">
    <failure message="Product title doesn&apos;t contain polo: Women Striped Cotton T-shirt expected [true] but found [false]" type="java.lang.AssertionError">java.lang.AssertionError: Product title doesn't contain polo: Women Striped Cotton T-shirt expected [true] but found [false]
</failure>
  </testcase>
  <testcase name="runScenario" classname="com.runner.RunnerTest" time="1.803"/>
  <testcase name="runScenario" classname="com.runner.RunnerTest" time="0.042"/>
  <testcase name="runScenario" classname="com.runner.RunnerTest" time="0.07">
    <failure message="Product title doesn&apos;t contain polo: Women Striped Cotton T-shirt expected [true] but found [false]" type="java.lang.AssertionError">java.lang.AssertionError: Product title doesn't contain polo: Women Striped Cotton T-shirt expected [true] but found [false]
</failure>
    <system-out><![CDATA[Open browserChrome
Chrome Method call to open browser
]]></system-out>
  </testcase>
  <testcase name="runScenario" classname="com.runner.RunnerTest" time="0.232"/>
  <testcase name="runScenario" classname="com.runner.RunnerTest" time="1.442"/>
  <testcase name="runScenario" classname="com.runner.RunnerTest" time="0.079"/>
  <testcase name="runScenario" classname="com.runner.RunnerTest" time="0.164"/>
  <testcase name="runScenario" classname="com.runner.RunnerTest" time="0.124"/>
  <testcase name="runScenario" classname="com.runner.RunnerTest" time="1.946"/>
  <testcase name="runScenario" classname="com.runner.RunnerTest" time="0.059"/>
  <testcase name="runScenario" classname="com.runner.RunnerTest" time="8.242">
    <failure message="Product title doesn&apos;t contain polo: Women Striped Cotton T-shirt expected [true] but found [false]" type="java.lang.AssertionError">java.lang.AssertionError: Product title doesn't contain polo: Women Striped Cotton T-shirt expected [true] but found [false]
</failure>
    <system-out><![CDATA[Open browserChrome
Chrome Method call to open browser
Chrome browser is launched successfully.
Chrome browser is launched successfully.
[Polo Collar Cotton T-Shirt, Polo Collar Slim Fit T-shirt, Women Striped Cotton T-shirt, Men Polo Collar Lounge T-shirt, Antimicrobial CottonT-Shirt, Boys Polo Collar T-shirt, Boys Polo Collar T-shirt, Polo Collar Cotton T-shirt, Polo Collar Lounge Tshirts, Polo Collar Lounge Tshirts, Polo Collar Slim Fit T-shirt, Solid Polo Collar T-shirt, Polo Collar T-shirt, Polo Collar Cotton T-shirt, Polo Collar Lounge Tshirts, Polo Collar Lounge Tshirts, Polo Collar Cotton T-Shirt, Polo Collar Lounge Tshirts, Boys Polo Collar T-shirt, Boy Printed Polo Collar Tshirt, Printed Polo Cotton T-shirt, Boys Polo Collar T-shirt, Pure Cotton Oversized T-shirt, Polo Collar Lounge Tshirts, Cotton Colourblocked T-shirt, Polo Collar Slim Fit T-shirt, Men Polo Collar T-shirt, Striped Polo Collar T-shirt, Applique Slim Fit T-shirt, Polo Collar Regular T-shirt, Women Solid T-shirt, Boys Polo Collar T-shirt, Polo Collar Lounge Tshirts, Boys Cotton T-shirt, Men Solid Polo Collar T-Shirt, Polo Collar Cotton T-shirt, Men Polo Collar T-shirt, Men Antimicrobial Polo Collar T-shirt, Boys Polo Collar T-shirt, Polo Collar Casual T-shirt, Polo Collar Cotton T-shirt, Boys Striped Polo T-shirt, Polo Collar Lounge Tshirts, Regular-Fit T-shirt, Girls Polo Collar T-shirt, Polo Collar Pure Cotton T-shirt, Polo Collar T-shirt, Boys Polo Collar T-shirt, Girl Print Polo Collar T-shirt, Polo Collar Slim Fit T-shirt]
ProductTitle:Polo Collar Cotton T-Shirt
ProductTitle:Polo Collar Slim Fit T-shirt
ProductTitle:Women Striped Cotton T-shirt
]]></system-out>
    <system-err><![CDATA[Oct 01, 2024 11:51:39 AM org.openqa.selenium.devtools.CdpVersionFinder findNearestMatch
WARNING: Unable to find an exact match for CDP version 129, returning the closest version; found: 127; Please update to a Selenium version that supports CDP version 129
Oct 01, 2024 11:51:39 AM org.openqa.selenium.devtools.CdpVersionFinder findNearestMatch
WARNING: Unable to find an exact match for CDP version 129, returning the closest version; found: 127; Please update to a Selenium version that supports CDP version 129
]]></system-err>
  </testcase>
  <testcase name="runScenario" classname="com.runner.RunnerTest" time="0.19"/>
  <testcase name="runScenario" classname="com.runner.RunnerTest" time="0.045"/>
  <testcase name="runScenario" classname="com.runner.RunnerTest" time="0.244">
    <failure message="Product title doesn&apos;t contain polo: Women Striped Cotton T-shirt expected [true] but found [false]" type="java.lang.AssertionError">java.lang.AssertionError: Product title doesn't contain polo: Women Striped Cotton T-shirt expected [true] but found [false]
</failure>
    <system-out><![CDATA[Open browserChrome
Chrome Method call to open browser
]]></system-out>
  </testcase>
  <testcase name="runScenario" classname="com.runner.RunnerTest" time="5.747">
    <failure message="stale element reference: stale element not found in the current frame&#10;  (Session info: chrome=129.0.6668.70)&#10;For documentation on this error, please visit: https://www.selenium.dev/documentation/webdriver/troubleshooting/errors#stale-element-reference-exception&#10;Build info: version: &apos;4.23.1&apos;, revision: &apos;656257d8e9&apos;&#10;System info: os.name: &apos;Windows 11&apos;, os.arch: &apos;amd64&apos;, os.version: &apos;10.0&apos;, java.version: &apos;22.0.2&apos;&#10;Driver info: org.openqa.selenium.chrome.ChromeDriver&#10;Command: [c928b7c5aa0d98679823a08534f9088a, actions {actions=[org.openqa.selenium.interactions.Sequence@158cf427]}]&#10;Capabilities {acceptInsecureCerts: false, browserName: chrome, browserVersion: 129.0.6668.70, chrome: {chromedriverVersion: 129.0.6668.70 (df87d5cf12b1..., userDataDir: C:\Users\poonam\AppData\Loc...}, fedcm:accounts: true, goog:chromeOptions: {debuggerAddress: localhost:59163}, networkConnectionEnabled: false, pageLoadStrategy: normal, platformName: windows, proxy: Proxy(), se:cdp: ws://localhost:59163/devtoo..., se:cdpVersion: 129.0.6668.70, setWindowRect: true, strictFileInteractability: false, timeouts: {implicit: 0, pageLoad: 300000, script: 30000}, unhandledPromptBehavior: dismiss and notify, webauthn:extension:credBlob: true, webauthn:extension:largeBlob: true, webauthn:extension:minPinLength: true, webauthn:extension:prf: true, webauthn:virtualAuthenticators: true}&#10;Session ID: c928b7c5aa0d98679823a08534f9088a" type="org.openqa.selenium.StaleElementReferenceException">org.openqa.selenium.StaleElementReferenceException: 
stale element reference: stale element not found in the current frame
  (Session info: chrome=129.0.6668.70)
For documentation on this error, please visit: https://www.selenium.dev/documentation/webdriver/troubleshooting/errors#stale-element-reference-exception
Build info: version: '4.23.1', revision: '656257d8e9'
System info: os.name: 'Windows 11', os.arch: 'amd64', os.version: '10.0', java.version: '22.0.2'
Driver info: org.openqa.selenium.chrome.ChromeDriver
Command: [c928b7c5aa0d98679823a08534f9088a, actions {actions=[org.openqa.selenium.interactions.Sequence@158cf427]}]
Capabilities {acceptInsecureCerts: false, browserName: chrome, browserVersion: 129.0.6668.70, chrome: {chromedriverVersion: 129.0.6668.70 (df87d5cf12b1..., userDataDir: C:\Users\poonam\AppData\Loc...}, fedcm:accounts: true, goog:chromeOptions: {debuggerAddress: localhost:59163}, networkConnectionEnabled: false, pageLoadStrategy: normal, platformName: windows, proxy: Proxy(), se:cdp: ws://localhost:59163/devtoo..., se:cdpVersion: 129.0.6668.70, setWindowRect: true, strictFileInteractability: false, timeouts: {implicit: 0, pageLoad: 300000, script: 30000}, unhandledPromptBehavior: dismiss and notify, webauthn:extension:credBlob: true, webauthn:extension:largeBlob: true, webauthn:extension:minPinLength: true, webauthn:extension:prf: true, webauthn:virtualAuthenticators: true}
Session ID: c928b7c5aa0d98679823a08534f9088a
</failure>
    <system-out><![CDATA[Open browserChrome
Chrome Method call to open browser
Chrome browser is launched successfully.
Chrome browser is launched successfully.
Chrome browser is launched successfully.
Chrome browser is launched successfully.
]]></system-out>
    <system-err><![CDATA[Oct 01, 2024 11:51:47 AM org.openqa.selenium.devtools.CdpVersionFinder findNearestMatch
WARNING: Unable to find an exact match for CDP version 129, returning the closest version; found: 127; Please update to a Selenium version that supports CDP version 129
Oct 01, 2024 11:51:47 AM org.openqa.selenium.devtools.CdpVersionFinder findNearestMatch
WARNING: Unable to find an exact match for CDP version 129, returning the closest version; found: 127; Please update to a Selenium version that supports CDP version 129
Oct 01, 2024 11:51:48 AM org.openqa.selenium.devtools.CdpVersionFinder findNearestMatch
WARNING: Unable to find an exact match for CDP version 129, returning the closest version; found: 127; Please update to a Selenium version that supports CDP version 129
Oct 01, 2024 11:51:48 AM org.openqa.selenium.devtools.CdpVersionFinder findNearestMatch
WARNING: Unable to find an exact match for CDP version 129, returning the closest version; found: 127; Please update to a Selenium version that supports CDP version 129
]]></system-err>
  </testcase>
  <testcase name="runScenario" classname="com.runner.RunnerTest" time="6.874">
    <failure message="Product title doesn&apos;t contain polo: Women Striped Cotton T-shirt expected [true] but found [false]" type="java.lang.AssertionError">java.lang.AssertionError: Product title doesn't contain polo: Women Striped Cotton T-shirt expected [true] but found [false]
</failure>
    <system-out><![CDATA[[Polo Collar Cotton T-Shirt, Polo Collar Slim Fit T-shirt, Women Striped Cotton T-shirt, Men Polo Collar Lounge T-shirt, Antimicrobial CottonT-Shirt, Boys Polo Collar T-shirt, Boys Polo Collar T-shirt, Polo Collar Cotton T-shirt, Polo Collar Lounge Tshirts, Polo Collar Lounge Tshirts, Polo Collar Slim Fit T-shirt, Solid Polo Collar T-shirt, Polo Collar T-shirt, Polo Collar Cotton T-shirt, Polo Collar Lounge Tshirts, Polo Collar Lounge Tshirts, Polo Collar Cotton T-Shirt, Polo Collar Lounge Tshirts, Boys Polo Collar T-shirt, Pure Cotton Oversized T-shirt, Printed Polo Cotton T-shirt, Boys Polo Collar T-shirt, Boy Printed Polo Collar Tshirt, Polo Collar Lounge Tshirts, Cotton Colourblocked T-shirt, Polo Collar Slim Fit T-shirt, Men Polo Collar T-shirt, Striped Polo Collar T-shirt, Applique Slim Fit T-shirt, Polo Collar Regular T-shirt, Women Solid T-shirt, Boys Polo Collar T-shirt, Polo Collar Lounge Tshirts, Boys Cotton T-shirt, Men Solid Polo Collar T-Shirt, Polo Collar Cotton T-shirt, Men Polo Collar T-shirt, Men Antimicrobial Polo Collar T-shirt, Boys Polo Collar T-shirt, Polo Collar Casual T-shirt, Polo Collar Cotton T-shirt, Boys Striped Polo T-shirt, Polo Collar Lounge Tshirts, Regular-Fit T-shirt, Girls Polo Collar T-shirt, Polo Collar Pure Cotton T-shirt, Polo Collar T-shirt, Boys Polo Collar T-shirt, Girl Print Polo Collar T-shirt, Pure Cotton Polo T-shirt]
ProductTitle:Polo Collar Cotton T-Shirt
ProductTitle:Polo Collar Slim Fit T-shirt
ProductTitle:Women Striped Cotton T-shirt
[Polo Collar Cotton T-Shirt, Polo Collar Slim Fit T-shirt, Women Striped Cotton T-shirt, Men Polo Collar Lounge T-shirt, Antimicrobial CottonT-Shirt, Boys Polo Collar T-shirt, Boys Polo Collar T-shirt, Polo Collar Cotton T-shirt, Polo Collar Lounge Tshirts, Polo Collar Lounge Tshirts, Polo Collar Slim Fit T-shirt, Solid Polo Collar T-shirt, Polo Collar T-shirt, Polo Collar Cotton T-shirt, Polo Collar Lounge Tshirts, Polo Collar Lounge Tshirts, Polo Collar Cotton T-Shirt, Polo Collar Lounge Tshirts, Boys Polo Collar T-shirt, Pure Cotton Oversized T-shirt, Printed Polo Cotton T-shirt, Boys Polo Collar T-shirt, Boy Printed Polo Collar Tshirt, Polo Collar Lounge Tshirts, Cotton Colourblocked T-shirt, Polo Collar Slim Fit T-shirt, Men Polo Collar T-shirt, Striped Polo Collar T-shirt, Applique Slim Fit T-shirt, Polo Collar Regular T-shirt, Women Solid T-shirt, Boys Polo Collar T-shirt, Polo Collar Lounge Tshirts, Boys Cotton T-shirt, Men Solid Polo Collar T-Shirt, Polo Collar Cotton T-shirt, Men Polo Collar T-shirt, Men Antimicrobial Polo Collar T-shirt, Boys Polo Collar T-shirt, Polo Collar Casual T-shirt, Polo Collar Cotton T-shirt, Boys Striped Polo T-shirt, Polo Collar Lounge Tshirts, Regular-Fit T-shirt, Girls Polo Collar T-shirt, Polo Collar Pure Cotton T-shirt, Polo Collar T-shirt, Boys Polo Collar T-shirt, Girl Print Polo Collar T-shirt, Pure Cotton Polo T-shirt]
ProductTitle:Polo Collar Cotton T-Shirt
ProductTitle:Polo Collar Slim Fit T-shirt
ProductTitle:Women Striped Cotton T-shirt
]]></system-out>
  </testcase>
  <testcase name="runScenario" classname="com.runner.RunnerTest" time="7.222">
    <failure message="Product title doesn&apos;t contain polo: Women Striped Cotton T-shirt expected [true] but found [false]" type="java.lang.AssertionError">java.lang.AssertionError: Product title doesn't contain polo: Women Striped Cotton T-shirt expected [true] but found [false]
</failure>
  </testcase>
  <testcase name="runScenario" classname="com.runner.RunnerTest" time="7.906"/>
</testsuite>