-------------------------------------------------------------------------------
Test set: TestSuite
-------------------------------------------------------------------------------
Tests run: 37, Failures: 12, Errors: 0, Skipped: 0, Time elapsed: 47.886 s <<< FAILURE! - in TestSuite
verifyCategoryListForTopWears(com.iris22a.ProductTest)  Time elapsed: 0.042 s  <<< FAILURE!
java.lang.NullPointerException: Cannot invoke "org.openqa.selenium.remote.RemoteWebDriver.get(String)" because the return value of "java.lang.ThreadLocal.get()" is null
	at com.iris22a.ProductTest.verifyCategoryListForTopWears(ProductTest.java:51)

verifyItemCountOfCasualShirts(com.iris22a.ProductTest)  Time elapsed: 0.004 s  <<< FAILURE!
java.lang.NullPointerException: Cannot invoke "org.openqa.selenium.remote.RemoteWebDriver.get(String)" because the return value of "java.lang.ThreadLocal.get()" is null
	at com.iris22a.ProductTest.verifyItemCountOfCasualShirts(ProductTest.java:67)

verifySearchResultForPoloMen(com.iris22a.ProductTest)  Time elapsed: 0.009 s  <<< FAILURE!
java.lang.NullPointerException: Cannot invoke "org.openqa.selenium.remote.RemoteWebDriver.get(String)" because the return value of "java.lang.ThreadLocal.get()" is null
	at com.iris22a.ProductTest.verifySearchResultForPoloMen(ProductTest.java:26)

runScenario(com.runner.RunnerTest)  Time elapsed: 0.284 s  <<< FAILURE!
java.lang.AssertionError: Product title doesn't contain polo: Women Striped Cotton T-shirt expected [true] but found [false]

runScenario(com.runner.RunnerTest)  Time elapsed: 1.607 s  <<< FAILURE!
java.lang.AssertionError: Product title doesn't contain polo: Women Striped Cotton T-shirt expected [true] but found [false]

runScenario(com.runner.RunnerTest)  Time elapsed: 6.892 s  <<< FAILURE!
java.lang.AssertionError: Product title doesn't contain polo: Women Striped Cotton T-shirt expected [true] but found [false]

runScenario(com.runner.RunnerTest)  Time elapsed: 0.07 s  <<< FAILURE!
java.lang.AssertionError: Product title doesn't contain polo: Women Striped Cotton T-shirt expected [true] but found [false]

runScenario(com.runner.RunnerTest)  Time elapsed: 8.242 s  <<< FAILURE!
java.lang.AssertionError: Product title doesn't contain polo: Women Striped Cotton T-shirt expected [true] but found [false]

runScenario(com.runner.RunnerTest)  Time elapsed: 0.244 s  <<< FAILURE!
java.lang.AssertionError: Product title doesn't contain polo: Women Striped Cotton T-shirt expected [true] but found [false]

runScenario(com.runner.RunnerTest)  Time elapsed: 5.747 s  <<< FAILURE!
org.openqa.selenium.StaleElementReferenceException: 
stale element reference: stale element not found in the current frame
  (Session info: chrome=129.0.6668.70)
For documentation on this error, please visit: https://www.selenium.dev/documentation/webdriver/troubleshooting/errors#stale-element-reference-exception
Build info: version: '4.23.1', revision: '656257d8e9'
System info: os.name: 'Windows 11', os.arch: 'amd64', os.version: '10.0', java.version: '22.0.2'
Driver info: org.openqa.selenium.chrome.ChromeDriver
Command: [c928b7c5aa0d98679823a08534f9088a, actions {actions=[org.openqa.selenium.interactions.Sequence@158cf427]}]
Capabilities {acceptInsecureCerts: false, browserName: chrome, browserVersion: 129.0.6668.70, chrome: {chromedriverVersion: 129.0.6668.70 (df87d5cf12b1..., userDataDir: C:\Users\poonam\AppData\Loc...}, fedcm:accounts: true, goog:chromeOptions: {debuggerAddress: localhost:59163}, networkConnectionEnabled: false, pageLoadStrategy: normal, platformName: windows, proxy: Proxy(), se:cdp: ws://localhost:59163/devtoo..., se:cdpVersion: 129.0.6668.70, setWindowRect: true, strictFileInteractability: false, timeouts: {implicit: 0, pageLoad: 300000, script: 30000}, unhandledPromptBehavior: dismiss and notify, webauthn:extension:credBlob: true, webauthn:extension:largeBlob: true, webauthn:extension:minPinLength: true, webauthn:extension:prf: true, webauthn:virtualAuthenticators: true}
Session ID: c928b7c5aa0d98679823a08534f9088a

runScenario(com.runner.RunnerTest)  Time elapsed: 6.874 s  <<< FAILURE!
java.lang.AssertionError: Product title doesn't contain polo: Women Striped Cotton T-shirt expected [true] but found [false]

runScenario(com.runner.RunnerTest)  Time elapsed: 7.222 s  <<< FAILURE!
java.lang.AssertionError: Product title doesn't contain polo: Women Striped Cotton T-shirt expected [true] but found [false]

