<?xml version="1.0" encoding="UTF-8"?>
<testsuite xmlns:xsi="http://www.w3.org/2001/XMLSchema-instance" xsi:noNamespaceSchemaLocation="https://maven.apache.org/surefire/maven-surefire-plugin/xsd/surefire-test-report.xsd" name="TestSuite" time="71.501" tests="37" errors="0" skipped="0" failures="11">
  <properties>
[...]
</properties>
  <testcase name="m10" classname="com.iris22a.ProductTest" time="0.004"/>
  <testcase name="m11" classname="com.iris22a.ProductTest" time="0"/>
  <testcase name="m12" classname="com.iris22a.ProductTest" time="0.001"/>
  <testcase name="m3" classname="com.iris22a.ProductTest" time="0"/>
  <testcase name="m4" classname="com.iris22a.ProductTest" time="0.001"/>
  <testcase name="m5" classname="com.iris22a.ProductTest" time="0"/>
  <testcase name="m6" classname="com.iris22a.ProductTest" time="0.001"/>
  <testcase name="m7" classname="com.iris22a.ProductTest" time="0"/>
  <testcase name="m8" classname="com.iris22a.ProductTest" time="0"/>
  <testcase name="m9" classname="com.iris22a.ProductTest" time="0"/>
  <testcase name="verifyCategoryListForTopWears" classname="com.iris22a.ProductTest" time="0.018">
    <failure message="Cannot invoke &quot;org.openqa.selenium.remote.RemoteWebDriver.get(String)&quot; because the return value of &quot;java.lang.ThreadLocal.get()&quot; is null" type="java.lang.NullPointerException">java.lang.NullPointerException: Cannot invoke "org.openqa.selenium.remote.RemoteWebDriver.get(String)" because the return value of "java.lang.ThreadLocal.get()" is null
	at com.iris22a.ProductTest.verifyCategoryListForTopWears(ProductTest.java:50)
</failure>
  </testcase>
  <testcase name="verifyItemCountOfCasualShirts" classname="com.iris22a.ProductTest" time="0.003">
    <failure message="Cannot invoke &quot;org.openqa.selenium.remote.RemoteWebDriver.get(String)&quot; because the return value of &quot;java.lang.ThreadLocal.get()&quot; is null" type="java.lang.NullPointerException">java.lang.NullPointerException: Cannot invoke "org.openqa.selenium.remote.RemoteWebDriver.get(String)" because the return value of "java.lang.ThreadLocal.get()" is null
	at com.iris22a.ProductTest.verifyItemCountOfCasualShirts(ProductTest.java:66)
</failure>
  </testcase>
  <testcase name="verifySearchResultForPoloMen" classname="com.iris22a.ProductTest" time="0.004">
    <failure message="Cannot invoke &quot;org.openqa.selenium.remote.RemoteWebDriver.get(String)&quot; because the return value of &quot;java.lang.ThreadLocal.get()&quot; is null" type="java.lang.NullPointerException">java.lang.NullPointerException: Cannot invoke "org.openqa.selenium.remote.RemoteWebDriver.get(String)" because the return value of "java.lang.ThreadLocal.get()" is null
	at com.iris22a.ProductTest.verifySearchResultForPoloMen(ProductTest.java:25)
</failure>
  </testcase>
  <testcase name="runScenario" classname="com.runner.RunnerTest" time="11.917">
    <failure message="Product title doesn&apos;t contain polo:  expected [true] but found [false]" type="java.lang.AssertionError">java.lang.AssertionError: Product title doesn't contain polo:  expected [true] but found [false]
</failure>
    <system-out><![CDATA[Open browserChrome
Open browserChrome
Chrome Method call to open browser
Open browserChrome
Chrome Method call to open browser
Open browserChrome
Chrome Method call to open browser
Chrome Method call to open browser
Chrome browser is launched successfully.
Chrome browser is launched successfully.
Chrome browser is launched successfully.
Chrome browser is launched successfully.
[, Polo Collar Cotton T-shirt, Men Polo Collar T-shirt, Polo Collar Lounge Tshirts, Men Spencer Regular Fit Polo, Men Polo Collar Lounge T-shirt, Polo Collar T-shirt, Polo Collar T-shirt, Boys Polo Collar T-shirt, Boys Polo Collar T-shirt, Polo Collar Ultra Soft T-shirt, Ribbed Polo Collar T-shirt, Solid Polo Collar Pure Cotton T-shirt, Men Pareto Embroidered Polo, Polo Collar Lounge Tshirts, Printed Polo Cotton T-shirt, Men Territ Regular Fit Polo, Polo Collar Lounge Tshirts, Striped Regular Fit T-shirt, Textured Polo Collar T-Shirt, Solid Polo Collar T-shirt, Polo Collar Regular T-shirt, Men Cotton Polo T-shirts, Men Polo Collar T-shirt, Cotton Colourblocked T-shirt, Regular Fit Cotton T-shirt, Polo Collar Lounge Tshirts, Polo Collar Cotton T-shirt, Men Polo Collar T-shirt, Boys Polo Collar T-shirt, Men Printed Polo Collar T-shirt, Men Gamer Regular Fit Polo, Striped Polo Collar T-shirt, Women Solid Slim Fit T-shirt, Polo Collar T-shirt, Polo Collar Pure Cotton T-shirt, Polo Collar Lounge Tshirts, Men Booth Embroidered Polo, Pure Cotton Polo T-shirt, Polo Collar T-shirt, Polo Collar Pure Cotton Tshirt, Polo Pure Cotton T-shirt, Polo Collar Lounge Tshirts, Men Spencer Regular Fit Polo, Boys Polo Collar T-shirt, Women Polo Collar T-shirt, Polo Collar Cotton T-shirt, Printed Hooded T-shirt, Men Polo Collar T-shirt, Women Solid T-Shirt]
ProductTitle:
]]></system-out>
    <system-err><![CDATA[Sept 30, 2024 9:59:26 PM org.openqa.selenium.devtools.CdpVersionFinder findNearestMatch
WARNING: Unable to find an exact match for CDP version 129, returning the closest version; found: 127; Please update to a Selenium version that supports CDP version 129
Sept 30, 2024 9:59:26 PM org.openqa.selenium.devtools.CdpVersionFinder findNearestMatch
WARNING: Unable to find an exact match for CDP version 129, returning the closest version; found: 127; Please update to a Selenium version that supports CDP version 129
Sept 30, 2024 9:59:26 PM org.openqa.selenium.devtools.CdpVersionFinder findNearestMatch
WARNING: Unable to find an exact match for CDP version 129, returning the closest version; found: 127; Please update to a Selenium version that supports CDP version 129
Sept 30, 2024 9:59:26 PM org.openqa.selenium.devtools.CdpVersionFinder findNearestMatch
WARNING: Unable to find an exact match for CDP version 129, returning the closest version; found: 127; Please update to a Selenium version that supports CDP version 129
ERROR StatusLogger Log4j2 could not find a logging implementation. Please add log4j-core to the classpath. Using SimpleLogger to log to the console...
]]></system-err>
  </testcase>
  <testcase name="runScenario" classname="com.runner.RunnerTest" time="3.066">
    <failure message="Product title doesn&apos;t contain polo: Striped Regular Fit T-shirt expected [true] but found [false]" type="java.lang.AssertionError">java.lang.AssertionError: Product title doesn't contain polo: Striped Regular Fit T-shirt expected [true] but found [false]
</failure>
    <system-out><![CDATA[Open browserChrome
Chrome Method call to open browser
Chrome browser is launched successfully.
[Men Casca Regular Fit Polo, Polo Collar Cotton T-shirt, Men Polo Collar T-shirt, Polo Collar Lounge Tshirts, Men Spencer Regular Fit Polo, Men Polo Collar Lounge T-shirt, Polo Collar T-shirt, Polo Collar T-shirt, Boys Polo Collar T-shirt, Boys Polo Collar T-shirt, Polo Collar Ultra Soft T-shirt, Ribbed Polo Collar T-shirt, Solid Polo Collar Pure Cotton T-shirt, Men Pareto Embroidered Polo, Polo Collar Lounge Tshirts, Printed Polo Cotton T-shirt, Men Territ Regular Fit Polo, Polo Collar Lounge Tshirts, Striped Regular Fit T-shirt, Textured Polo Collar T-Shirt, Solid Polo Collar T-shirt, Polo Collar Regular T-shirt, Men Cotton Polo T-shirts, Men Polo Collar T-shirt, Cotton Colourblocked T-shirt, Regular Fit Cotton T-shirt, Polo Collar Lounge Tshirts, Polo Collar Cotton T-shirt, Men Polo Collar T-shirt, Boys Polo Collar T-shirt, Men Printed Polo Collar T-shirt, Men Gamer Regular Fit Polo, Striped Polo Collar T-shirt, Women Solid Slim Fit T-shirt, Polo Collar T-shirt, Polo Collar Pure Cotton T-shirt, Polo Collar Lounge Tshirts, Men Booth Embroidered Polo, Pure Cotton Polo T-shirt, Polo Collar T-shirt, Polo Collar Pure Cotton Tshirt, Polo Pure Cotton T-shirt, Polo Collar Lounge Tshirts, Men Spencer Regular Fit Polo, Boys Polo Collar T-shirt, Women Polo Collar T-shirt, Polo Collar Cotton T-shirt, Printed Hooded T-shirt, Men Polo Collar T-shirt, Women Solid T-Shirt]
ProductTitle:Men Casca Regular Fit Polo
ProductTitle:Polo Collar Cotton T-shirt
ProductTitle:Men Polo Collar T-shirt
ProductTitle:Polo Collar Lounge Tshirts
ProductTitle:Men Spencer Regular Fit Polo
ProductTitle:Men Polo Collar Lounge T-shirt
ProductTitle:Polo Collar T-shirt
ProductTitle:Polo Collar T-shirt
ProductTitle:Boys Polo Collar T-shirt
ProductTitle:Boys Polo Collar T-shirt
ProductTitle:Polo Collar Ultra Soft T-shirt
ProductTitle:Ribbed Polo Collar T-shirt
ProductTitle:Solid Polo Collar Pure Cotton T-shirt
ProductTitle:Men Pareto Embroidered Polo
ProductTitle:Polo Collar Lounge Tshirts
ProductTitle:Printed Polo Cotton T-shirt
ProductTitle:Men Territ Regular Fit Polo
ProductTitle:Polo Collar Lounge Tshirts
ProductTitle:Striped Regular Fit T-shirt
]]></system-out>
    <system-err><![CDATA[Sept 30, 2024 9:59:36 PM org.openqa.selenium.devtools.CdpVersionFinder findNearestMatch
WARNING: Unable to find an exact match for CDP version 129, returning the closest version; found: 127; Please update to a Selenium version that supports CDP version 129
]]></system-err>
  </testcase>
  <testcase name="runScenario" classname="com.runner.RunnerTest" time="0.016"/>
  <testcase name="runScenario" classname="com.runner.RunnerTest" time="0"/>
  <testcase name="runScenario" classname="com.runner.RunnerTest" time="9.651"/>
  <testcase name="runScenario" classname="com.runner.RunnerTest" time="9.651"/>
  <testcase name="runScenario" classname="com.runner.RunnerTest" time="0">
    <failure message="Product title doesn&apos;t contain polo: Striped Regular Fit T-shirt expected [true] but found [false]" type="java.lang.AssertionError">java.lang.AssertionError: Product title doesn't contain polo: Striped Regular Fit T-shirt expected [true] but found [false]
</failure>
  </testcase>
  <testcase name="runScenario" classname="com.runner.RunnerTest" time="1.499"/>
  <testcase name="runScenario" classname="com.runner.RunnerTest" time="0.282"/>
  <testcase name="runScenario" classname="com.runner.RunnerTest" time="0.032"/>
  <testcase name="runScenario" classname="com.runner.RunnerTest" time="0.267">
    <failure message="Product title doesn&apos;t contain polo:  expected [true] but found [false]" type="java.lang.AssertionError">java.lang.AssertionError: Product title doesn't contain polo:  expected [true] but found [false]
</failure>
    <system-out><![CDATA[Open browserChrome
Chrome Method call to open browser
]]></system-out>
  </testcase>
  <testcase name="runScenario" classname="com.runner.RunnerTest" time="1.759"/>
  <testcase name="runScenario" classname="com.runner.RunnerTest" time="0.141"/>
  <testcase name="runScenario" classname="com.runner.RunnerTest" time="0.078"/>
  <testcase name="runScenario" classname="com.runner.RunnerTest" time="0.016"/>
  <testcase name="runScenario" classname="com.runner.RunnerTest" time="2.483"/>
  <testcase name="runScenario" classname="com.runner.RunnerTest" time="6.834">
    <failure message="Product title doesn&apos;t contain polo: Striped Regular Fit T-shirt expected [true] but found [false]" type="java.lang.AssertionError">java.lang.AssertionError: Product title doesn't contain polo: Striped Regular Fit T-shirt expected [true] but found [false]
</failure>
    <system-out><![CDATA[Open browserChrome
Chrome Method call to open browser
Chrome browser is launched successfully.
[Men Casca Regular Fit Polo, Polo Collar Cotton T-shirt, Men Polo Collar T-shirt, Polo Collar Lounge Tshirts, Men Spencer Regular Fit Polo, Men Polo Collar Lounge T-shirt, Polo Collar T-shirt, Polo Collar T-shirt, Boys Polo Collar T-shirt, Boys Polo Collar T-shirt, Polo Collar Ultra Soft T-shirt, Ribbed Polo Collar T-shirt, Solid Polo Collar Pure Cotton T-shirt, Men Pareto Embroidered Polo, Polo Collar Lounge Tshirts, Printed Polo Cotton T-shirt, Men Territ Regular Fit Polo, Polo Collar Lounge Tshirts, Striped Regular Fit T-shirt, Textured Polo Collar T-Shirt, Solid Polo Collar T-shirt, Polo Collar Regular T-shirt, Men Cotton Polo T-shirts, Men Polo Collar T-shirt, Cotton Colourblocked T-shirt, Regular Fit Cotton T-shirt, Polo Collar Lounge Tshirts, Polo Collar Cotton T-shirt, Men Polo Collar T-shirt, Boys Polo Collar T-shirt, Men Printed Polo Collar T-shirt, Men Gamer Regular Fit Polo, Striped Polo Collar T-shirt, Women Solid Slim Fit T-shirt, Polo Collar T-shirt, Polo Collar Pure Cotton T-shirt, Polo Collar Lounge Tshirts, Men Booth Embroidered Polo, Pure Cotton Polo T-shirt, Polo Collar T-shirt, Polo Collar Pure Cotton Tshirt, Polo Pure Cotton T-shirt, Polo Collar Lounge Tshirts, Men Spencer Regular Fit Polo, Boys Polo Collar T-shirt, Women Polo Collar T-shirt, Polo Collar Cotton T-shirt, Printed Hooded T-shirt, Men Polo Collar T-shirt, Women Solid T-Shirt]
ProductTitle:Men Casca Regular Fit Polo
ProductTitle:Polo Collar Cotton T-shirt
ProductTitle:Men Polo Collar T-shirt
ProductTitle:Polo Collar Lounge Tshirts
ProductTitle:Men Spencer Regular Fit Polo
ProductTitle:Men Polo Collar Lounge T-shirt
ProductTitle:Polo Collar T-shirt
ProductTitle:Polo Collar T-shirt
ProductTitle:Boys Polo Collar T-shirt
ProductTitle:Boys Polo Collar T-shirt
ProductTitle:Polo Collar Ultra Soft T-shirt
ProductTitle:Ribbed Polo Collar T-shirt
ProductTitle:Solid Polo Collar Pure Cotton T-shirt
ProductTitle:Men Pareto Embroidered Polo
ProductTitle:Polo Collar Lounge Tshirts
ProductTitle:Printed Polo Cotton T-shirt
ProductTitle:Men Territ Regular Fit Polo
ProductTitle:Polo Collar Lounge Tshirts
ProductTitle:Striped Regular Fit T-shirt
[Men Casca Regular Fit Polo, Polo Collar Cotton T-shirt, Men Polo Collar T-shirt, Polo Collar Lounge Tshirts, Men Spencer Regular Fit Polo, Men Polo Collar Lounge T-shirt, Polo Collar T-shirt, Polo Collar T-shirt, Boys Polo Collar T-shirt, Boys Polo Collar T-shirt, Polo Collar Ultra Soft T-shirt, Ribbed Polo Collar T-shirt, Solid Polo Collar Pure Cotton T-shirt, Men Pareto Embroidered Polo, Polo Collar Lounge Tshirts, Printed Polo Cotton T-shirt, Men Territ Regular Fit Polo, Polo Collar Lounge Tshirts, Striped Regular Fit T-shirt, Textured Polo Collar T-Shirt, Solid Polo Collar T-shirt, Polo Collar Regular T-shirt, Men Cotton Polo T-shirts, Men Polo Collar T-shirt, Cotton Colourblocked T-shirt, Regular Fit Cotton T-shirt, Polo Collar Lounge Tshirts, Polo Collar Cotton T-shirt, Men Polo Collar T-shirt, Boys Polo Collar T-shirt, Men Printed Polo Collar T-shirt, Men Gamer Regular Fit Polo, Striped Polo Collar T-shirt, Women Solid Slim Fit T-shirt, Polo Collar T-shirt, Polo Collar Pure Cotton T-shirt, Polo Collar Lounge Tshirts, Men Booth Embroidered Polo, Pure Cotton Polo T-shirt, Polo Collar T-shirt, Polo Collar Pure Cotton Tshirt, Polo Pure Cotton T-shirt, Polo Collar Lounge Tshirts, Men Spencer Regular Fit Polo, Boys Polo Collar T-shirt, Women Polo Collar T-shirt, Polo Collar Cotton T-shirt, Printed Hooded T-shirt, Men Polo Collar T-shirt, Women Solid T-Shirt]
ProductTitle:Men Casca Regular Fit Polo
ProductTitle:Polo Collar Cotton T-shirt
ProductTitle:Men Polo Collar T-shirt
ProductTitle:Polo Collar Lounge Tshirts
ProductTitle:Men Spencer Regular Fit Polo
ProductTitle:Men Polo Collar Lounge T-shirt
ProductTitle:Polo Collar T-shirt
ProductTitle:Polo Collar T-shirt
ProductTitle:Boys Polo Collar T-shirt
ProductTitle:Boys Polo Collar T-shirt
ProductTitle:Polo Collar Ultra Soft T-shirt
ProductTitle:Ribbed Polo Collar T-shirt
ProductTitle:Solid Polo Collar Pure Cotton T-shirt
ProductTitle:Men Pareto Embroidered Polo
ProductTitle:Polo Collar Lounge Tshirts
ProductTitle:Printed Polo Cotton T-shirt
ProductTitle:Men Territ Regular Fit Polo
ProductTitle:Polo Collar Lounge Tshirts
ProductTitle:Striped Regular Fit T-shirt
]]></system-out>
    <system-err><![CDATA[Sept 30, 2024 9:59:54 PM org.openqa.selenium.devtools.CdpVersionFinder findNearestMatch
WARNING: Unable to find an exact match for CDP version 129, returning the closest version; found: 127; Please update to a Selenium version that supports CDP version 129
]]></system-err>
  </testcase>
  <testcase name="runScenario" classname="com.runner.RunnerTest" time="0.184">
    <failure message="Product title doesn&apos;t contain polo: Striped Regular Fit T-shirt expected [true] but found [false]" type="java.lang.AssertionError">java.lang.AssertionError: Product title doesn't contain polo: Striped Regular Fit T-shirt expected [true] but found [false]
</failure>
    <system-out><![CDATA[Open browserChrome
Chrome Method call to open browser
]]></system-out>
  </testcase>
  <testcase name="runScenario" classname="com.runner.RunnerTest" time="1.798"/>
  <testcase name="runScenario" classname="com.runner.RunnerTest" time="0.284"/>
  <testcase name="runScenario" classname="com.runner.RunnerTest" time="6.605"/>
  <testcase name="runScenario" classname="com.runner.RunnerTest" time="10.193"/>
  <testcase name="runScenario" classname="com.runner.RunnerTest" time="10.674">
    <failure message="Product title doesn&apos;t contain polo: Striped Regular Fit T-shirt expected [true] but found [false]" type="java.lang.AssertionError">java.lang.AssertionError: Product title doesn't contain polo: Striped Regular Fit T-shirt expected [true] but found [false]
</failure>
    <system-out><![CDATA[[Men Casca Regular Fit Polo, Polo Collar Cotton T-shirt, Men Polo Collar T-shirt, Polo Collar Lounge Tshirts, Men Spencer Regular Fit Polo, Men Polo Collar Lounge T-shirt, Polo Collar T-shirt, Polo Collar T-shirt, Boys Polo Collar T-shirt, Boys Polo Collar T-shirt, Polo Collar Ultra Soft T-shirt, Ribbed Polo Collar T-shirt, Solid Polo Collar Pure Cotton T-shirt, Men Pareto Embroidered Polo, Polo Collar Lounge Tshirts, Printed Polo Cotton T-shirt, Men Territ Regular Fit Polo, Polo Collar Lounge Tshirts, Striped Regular Fit T-shirt, Textured Polo Collar T-Shirt, Solid Polo Collar T-shirt, Polo Collar Regular T-shirt, Men Cotton Polo T-shirts, Men Polo Collar T-shirt, Cotton Colourblocked T-shirt, Regular Fit Cotton T-shirt, Polo Collar Lounge Tshirts, Polo Collar Cotton T-shirt, Men Polo Collar T-shirt, Boys Polo Collar T-shirt, Men Printed Polo Collar T-shirt, Men Gamer Regular Fit Polo, Striped Polo Collar T-shirt, Women Solid Slim Fit T-shirt, Polo Collar T-shirt, Polo Collar Pure Cotton T-shirt, Polo Collar Lounge Tshirts, Men Booth Embroidered Polo, Pure Cotton Polo T-shirt, Polo Collar T-shirt, Polo Collar Pure Cotton Tshirt, Polo Pure Cotton T-shirt, Polo Collar Lounge Tshirts, Men Spencer Regular Fit Polo, Boys Polo Collar T-shirt, Women Polo Collar T-shirt, Polo Collar Cotton T-shirt, Printed Hooded T-shirt, Men Polo Collar T-shirt, Women Solid T-Shirt]
ProductTitle:Men Casca Regular Fit Polo
ProductTitle:Polo Collar Cotton T-shirt
ProductTitle:Men Polo Collar T-shirt
ProductTitle:Polo Collar Lounge Tshirts
ProductTitle:Men Spencer Regular Fit Polo
ProductTitle:Men Polo Collar Lounge T-shirt
ProductTitle:Polo Collar T-shirt
ProductTitle:Polo Collar T-shirt
ProductTitle:Boys Polo Collar T-shirt
ProductTitle:Boys Polo Collar T-shirt
ProductTitle:Polo Collar Ultra Soft T-shirt
ProductTitle:Ribbed Polo Collar T-shirt
ProductTitle:Solid Polo Collar Pure Cotton T-shirt
ProductTitle:Men Pareto Embroidered Polo
ProductTitle:Polo Collar Lounge Tshirts
ProductTitle:Printed Polo Cotton T-shirt
ProductTitle:Men Territ Regular Fit Polo
ProductTitle:Polo Collar Lounge Tshirts
ProductTitle:Striped Regular Fit T-shirt
]]></system-out>
  </testcase>
  <testcase name="runScenario" classname="com.runner.RunnerTest" time="29.212">
    <failure message="Product title doesn&apos;t contain polo:  expected [true] but found [false]" type="java.lang.AssertionError">java.lang.AssertionError: Product title doesn't contain polo:  expected [true] but found [false]
</failure>
    <system-out><![CDATA[[, Polo Collar Cotton T-shirt, Men Polo Collar T-shirt, Polo Collar Lounge Tshirts, Men Spencer Regular Fit Polo, Men Polo Collar Lounge T-shirt, Polo Collar T-shirt, Polo Collar T-shirt, Boys Polo Collar T-shirt, Boys Polo Collar T-shirt, Polo Collar Ultra Soft T-shirt, Ribbed Polo Collar T-shirt, Solid Polo Collar Pure Cotton T-shirt, Men Pareto Embroidered Polo, Polo Collar Lounge Tshirts, Printed Polo Cotton T-shirt, Men Territ Regular Fit Polo, Polo Collar Lounge Tshirts, Striped Regular Fit T-shirt, Textured Polo Collar T-Shirt, Solid Polo Collar T-shirt, Polo Collar Regular T-shirt, Men Cotton Polo T-shirts, Men Polo Collar T-shirt, Cotton Colourblocked T-shirt, Regular Fit Cotton T-shirt, Polo Collar Lounge Tshirts, Polo Collar Cotton T-shirt, Men Polo Collar T-shirt, Boys Polo Collar T-shirt, Men Printed Polo Collar T-shirt, Men Gamer Regular Fit Polo, Striped Polo Collar T-shirt, Women Solid Slim Fit T-shirt, Polo Collar T-shirt, Polo Collar Pure Cotton T-shirt, Polo Collar Lounge Tshirts, Men Booth Embroidered Polo, Pure Cotton Polo T-shirt, Polo Collar T-shirt, Polo Collar Pure Cotton Tshirt, Polo Pure Cotton T-shirt, Polo Collar Lounge Tshirts, Men Spencer Regular Fit Polo, Boys Polo Collar T-shirt, Women Polo Collar T-shirt, Polo Collar Cotton T-shirt, Printed Hooded T-shirt, Men Polo Collar T-shirt, Women Solid T-Shirt]
ProductTitle:
]]></system-out>
  </testcase>
</testsuite>