<?xml version="1.0" encoding="UTF-8"?>
<testng-results ignored="0" total="14" passed="12" failed="2" skipped="0">
  <reporter-output>
  </reporter-output>
  <suite started-at="2024-09-30T21:54:30 IST" name="Suite" finished-at="2024-09-30T21:55:20 IST" duration-ms="50452">
    <groups>
    </groups>
    <test started-at="2024-09-30T21:54:30 IST" name="demo" finished-at="2024-09-30T21:55:20 IST" duration-ms="50452">
      <class name="com.iris22a.MensTshirt">
        <test-method is-config="true" signature="setUP()[pri:0, instance:com.iris22a.MensTshirt@7bedc48a]" started-at="2024-09-30T21:54:30 IST" name="setUP" finished-at="2024-09-30T21:54:32 IST" duration-ms="2468" status="PASS">
          <reporter-output>
          </reporter-output>
        </test-method> <!-- setUP -->
        <test-method signature="verifyIfSearchByPopularityYeildsProperResults()[pri:0, instance:com.iris22a.MensTshirt@7bedc48a]" started-at="2024-09-30T21:54:32 IST" name="verifyIfSearchByPopularityYeildsProperResults" finished-at="2024-09-30T21:54:38 IST" duration-ms="5516" status="PASS">
          <reporter-output>
          </reporter-output>
        </test-method> <!-- verifyIfSearchByPopularityYeildsProperResults -->
        <test-method is-config="true" signature="teardown()[pri:0, instance:com.iris22a.MensTshirt@7bedc48a]" started-at="2024-09-30T21:54:38 IST" name="teardown" finished-at="2024-09-30T21:54:38 IST" duration-ms="486" status="PASS">
          <reporter-output>
          </reporter-output>
        </test-method> <!-- teardown -->
      </class> <!-- com.iris22a.MensTshirt -->
      <class name="com.iris22a.ProductTest">
        <test-method is-config="true" signature="setUP()[pri:0, instance:com.iris22a.ProductTest@687e99d8]" started-at="2024-09-30T21:54:38 IST" name="setUP" finished-at="2024-09-30T21:54:39 IST" duration-ms="928" status="PASS">
          <reporter-output>
          </reporter-output>
        </test-method> <!-- setUP -->
        <test-method signature="m10()[pri:0, instance:com.iris22a.ProductTest@687e99d8]" started-at="2024-09-30T21:54:39 IST" name="m10" finished-at="2024-09-30T21:54:39 IST" duration-ms="0" status="PASS">
          <reporter-output>
          </reporter-output>
        </test-method> <!-- m10 -->
        <test-method is-config="true" signature="teardown()[pri:0, instance:com.iris22a.ProductTest@687e99d8]" started-at="2024-09-30T21:54:39 IST" name="teardown" finished-at="2024-09-30T21:54:40 IST" duration-ms="232" status="PASS">
          <reporter-output>
          </reporter-output>
        </test-method> <!-- teardown -->
        <test-method is-config="true" signature="setUP()[pri:0, instance:com.iris22a.ProductTest@687e99d8]" started-at="2024-09-30T21:54:40 IST" name="setUP" finished-at="2024-09-30T21:54:41 IST" duration-ms="968" status="PASS">
          <reporter-output>
          </reporter-output>
        </test-method> <!-- setUP -->
        <test-method signature="m11()[pri:0, instance:com.iris22a.ProductTest@687e99d8]" started-at="2024-09-30T21:54:41 IST" name="m11" finished-at="2024-09-30T21:54:41 IST" duration-ms="0" status="PASS">
          <reporter-output>
          </reporter-output>
        </test-method> <!-- m11 -->
        <test-method is-config="true" signature="teardown()[pri:0, instance:com.iris22a.ProductTest@687e99d8]" started-at="2024-09-30T21:54:41 IST" name="teardown" finished-at="2024-09-30T21:54:41 IST" duration-ms="264" status="PASS">
          <reporter-output>
          </reporter-output>
        </test-method> <!-- teardown -->
        <test-method is-config="true" signature="setUP()[pri:0, instance:com.iris22a.ProductTest@687e99d8]" started-at="2024-09-30T21:54:41 IST" name="setUP" finished-at="2024-09-30T21:54:42 IST" duration-ms="1027" status="PASS">
          <reporter-output>
          </reporter-output>
        </test-method> <!-- setUP -->
        <test-method signature="m12()[pri:0, instance:com.iris22a.ProductTest@687e99d8]" started-at="2024-09-30T21:54:42 IST" name="m12" finished-at="2024-09-30T21:54:42 IST" duration-ms="8" status="PASS">
          <reporter-output>
          </reporter-output>
        </test-method> <!-- m12 -->
        <test-method is-config="true" signature="teardown()[pri:0, instance:com.iris22a.ProductTest@687e99d8]" started-at="2024-09-30T21:54:42 IST" name="teardown" finished-at="2024-09-30T21:54:42 IST" duration-ms="162" status="PASS">
          <reporter-output>
          </reporter-output>
        </test-method> <!-- teardown -->
        <test-method is-config="true" signature="setUP()[pri:0, instance:com.iris22a.ProductTest@687e99d8]" started-at="2024-09-30T21:54:42 IST" name="setUP" finished-at="2024-09-30T21:54:43 IST" duration-ms="894" status="PASS">
          <reporter-output>
          </reporter-output>
        </test-method> <!-- setUP -->
        <test-method signature="m3()[pri:0, instance:com.iris22a.ProductTest@687e99d8]" started-at="2024-09-30T21:54:43 IST" name="m3" finished-at="2024-09-30T21:54:43 IST" duration-ms="10" status="PASS">
          <reporter-output>
          </reporter-output>
        </test-method> <!-- m3 -->
        <test-method is-config="true" signature="teardown()[pri:0, instance:com.iris22a.ProductTest@687e99d8]" started-at="2024-09-30T21:54:43 IST" name="teardown" finished-at="2024-09-30T21:54:43 IST" duration-ms="181" status="PASS">
          <reporter-output>
          </reporter-output>
        </test-method> <!-- teardown -->
        <test-method is-config="true" signature="setUP()[pri:0, instance:com.iris22a.ProductTest@687e99d8]" started-at="2024-09-30T21:54:43 IST" name="setUP" finished-at="2024-09-30T21:54:44 IST" duration-ms="878" status="PASS">
          <reporter-output>
          </reporter-output>
        </test-method> <!-- setUP -->
        <test-method signature="m4()[pri:0, instance:com.iris22a.ProductTest@687e99d8]" started-at="2024-09-30T21:54:44 IST" name="m4" finished-at="2024-09-30T21:54:44 IST" duration-ms="1" status="PASS">
          <reporter-output>
          </reporter-output>
        </test-method> <!-- m4 -->
        <test-method is-config="true" signature="teardown()[pri:0, instance:com.iris22a.ProductTest@687e99d8]" started-at="2024-09-30T21:54:44 IST" name="teardown" finished-at="2024-09-30T21:54:44 IST" duration-ms="188" status="PASS">
          <reporter-output>
          </reporter-output>
        </test-method> <!-- teardown -->
        <test-method is-config="true" signature="setUP()[pri:0, instance:com.iris22a.ProductTest@687e99d8]" started-at="2024-09-30T21:54:44 IST" name="setUP" finished-at="2024-09-30T21:54:45 IST" duration-ms="868" status="PASS">
          <reporter-output>
          </reporter-output>
        </test-method> <!-- setUP -->
        <test-method signature="m5()[pri:0, instance:com.iris22a.ProductTest@687e99d8]" started-at="2024-09-30T21:54:45 IST" name="m5" finished-at="2024-09-30T21:54:45 IST" duration-ms="2" status="PASS">
          <reporter-output>
          </reporter-output>
        </test-method> <!-- m5 -->
        <test-method is-config="true" signature="teardown()[pri:0, instance:com.iris22a.ProductTest@687e99d8]" started-at="2024-09-30T21:54:45 IST" name="teardown" finished-at="2024-09-30T21:54:45 IST" duration-ms="140" status="PASS">
          <reporter-output>
          </reporter-output>
        </test-method> <!-- teardown -->
        <test-method is-config="true" signature="setUP()[pri:0, instance:com.iris22a.ProductTest@687e99d8]" started-at="2024-09-30T21:54:45 IST" name="setUP" finished-at="2024-09-30T21:54:46 IST" duration-ms="764" status="PASS">
          <reporter-output>
          </reporter-output>
        </test-method> <!-- setUP -->
        <test-method signature="m6()[pri:0, instance:com.iris22a.ProductTest@687e99d8]" started-at="2024-09-30T21:54:46 IST" name="m6" finished-at="2024-09-30T21:54:46 IST" duration-ms="1" status="PASS">
          <reporter-output>
          </reporter-output>
        </test-method> <!-- m6 -->
        <test-method is-config="true" signature="teardown()[pri:0, instance:com.iris22a.ProductTest@687e99d8]" started-at="2024-09-30T21:54:46 IST" name="teardown" finished-at="2024-09-30T21:54:46 IST" duration-ms="192" status="PASS">
          <reporter-output>
          </reporter-output>
        </test-method> <!-- teardown -->
        <test-method is-config="true" signature="setUP()[pri:0, instance:com.iris22a.ProductTest@687e99d8]" started-at="2024-09-30T21:54:46 IST" name="setUP" finished-at="2024-09-30T21:54:47 IST" duration-ms="795" status="PASS">
          <reporter-output>
          </reporter-output>
        </test-method> <!-- setUP -->
        <test-method signature="m7()[pri:0, instance:com.iris22a.ProductTest@687e99d8]" started-at="2024-09-30T21:54:47 IST" name="m7" finished-at="2024-09-30T21:54:47 IST" duration-ms="1" status="PASS">
          <reporter-output>
          </reporter-output>
        </test-method> <!-- m7 -->
        <test-method is-config="true" signature="teardown()[pri:0, instance:com.iris22a.ProductTest@687e99d8]" started-at="2024-09-30T21:54:47 IST" name="teardown" finished-at="2024-09-30T21:54:47 IST" duration-ms="163" status="PASS">
          <reporter-output>
          </reporter-output>
        </test-method> <!-- teardown -->
        <test-method is-config="true" signature="setUP()[pri:0, instance:com.iris22a.ProductTest@687e99d8]" started-at="2024-09-30T21:54:47 IST" name="setUP" finished-at="2024-09-30T21:54:48 IST" duration-ms="923" status="PASS">
          <reporter-output>
          </reporter-output>
        </test-method> <!-- setUP -->
        <test-method signature="m8()[pri:0, instance:com.iris22a.ProductTest@687e99d8]" started-at="2024-09-30T21:54:48 IST" name="m8" finished-at="2024-09-30T21:54:48 IST" duration-ms="2" status="PASS">
          <reporter-output>
          </reporter-output>
        </test-method> <!-- m8 -->
        <test-method is-config="true" signature="teardown()[pri:0, instance:com.iris22a.ProductTest@687e99d8]" started-at="2024-09-30T21:54:48 IST" name="teardown" finished-at="2024-09-30T21:54:48 IST" duration-ms="196" status="PASS">
          <reporter-output>
          </reporter-output>
        </test-method> <!-- teardown -->
        <test-method is-config="true" signature="setUP()[pri:0, instance:com.iris22a.ProductTest@687e99d8]" started-at="2024-09-30T21:54:48 IST" name="setUP" finished-at="2024-09-30T21:54:49 IST" duration-ms="887" status="PASS">
          <reporter-output>
          </reporter-output>
        </test-method> <!-- setUP -->
        <test-method signature="m9()[pri:0, instance:com.iris22a.ProductTest@687e99d8]" started-at="2024-09-30T21:54:49 IST" name="m9" finished-at="2024-09-30T21:54:49 IST" duration-ms="1" status="PASS">
          <reporter-output>
          </reporter-output>
        </test-method> <!-- m9 -->
        <test-method is-config="true" signature="teardown()[pri:0, instance:com.iris22a.ProductTest@687e99d8]" started-at="2024-09-30T21:54:49 IST" name="teardown" finished-at="2024-09-30T21:54:49 IST" duration-ms="184" status="PASS">
          <reporter-output>
          </reporter-output>
        </test-method> <!-- teardown -->
        <test-method is-config="true" signature="setUP()[pri:0, instance:com.iris22a.ProductTest@687e99d8]" started-at="2024-09-30T21:54:49 IST" name="setUP" finished-at="2024-09-30T21:54:50 IST" duration-ms="911" status="PASS">
          <reporter-output>
          </reporter-output>
        </test-method> <!-- setUP -->
        <test-method signature="verifyCategoryListForTopWears()[pri:0, instance:com.iris22a.ProductTest@687e99d8]" started-at="2024-09-30T21:54:50 IST" name="verifyCategoryListForTopWears" finished-at="2024-09-30T21:54:59 IST" duration-ms="8678" status="PASS">
          <reporter-output>
          </reporter-output>
        </test-method> <!-- verifyCategoryListForTopWears -->
        <test-method is-config="true" signature="teardown()[pri:0, instance:com.iris22a.ProductTest@687e99d8]" started-at="2024-09-30T21:54:59 IST" name="teardown" finished-at="2024-09-30T21:54:59 IST" duration-ms="502" status="PASS">
          <reporter-output>
          </reporter-output>
        </test-method> <!-- teardown -->
        <test-method is-config="true" signature="setUP()[pri:0, instance:com.iris22a.ProductTest@687e99d8]" started-at="2024-09-30T21:54:59 IST" name="setUP" finished-at="2024-09-30T21:55:00 IST" duration-ms="864" status="PASS">
          <reporter-output>
          </reporter-output>
        </test-method> <!-- setUP -->
        <test-method signature="verifyItemCountOfCasualShirts()[pri:0, instance:com.iris22a.ProductTest@687e99d8]" started-at="2024-09-30T21:55:00 IST" name="verifyItemCountOfCasualShirts" finished-at="2024-09-30T21:55:11 IST" duration-ms="11067" status="FAIL">
          <exception class="java.lang.IllegalStateException">
            <message>
              <![CDATA[No match found]]>
            </message>
            <full-stacktrace>
              <![CDATA[java.lang.IllegalStateException: No match found
at java.base/java.util.regex.Matcher.checkMatch(Matcher.java:1850)
at java.base/java.util.regex.Matcher.group(Matcher.java:685)
at java.base/java.util.regex.Matcher.group(Matcher.java:643)
at com.iris22a.pages.CasualShirtsPage.getItemCount(CasualShirtsPage.java:18)
at com.iris22a.ProductTest.verifyItemCountOfCasualShirts(ProductTest.java:71)
at java.base/jdk.internal.reflect.DirectMethodHandleAccessor.invoke(DirectMethodHandleAccessor.java:103)
at java.base/java.lang.reflect.Method.invoke(Method.java:580)
at org.testng.internal.invokers.MethodInvocationHelper.invokeMethod(MethodInvocationHelper.java:141)
at org.testng.internal.invokers.TestInvoker.invokeMethod(TestInvoker.java:686)
at org.testng.internal.invokers.TestInvoker.invokeTestMethod(TestInvoker.java:230)
at org.testng.internal.invokers.MethodRunner.runInSequence(MethodRunner.java:63)
at org.testng.internal.invokers.TestInvoker$MethodInvocationAgent.invoke(TestInvoker.java:992)
at org.testng.internal.invokers.TestInvoker.invokeTestMethods(TestInvoker.java:203)
at org.testng.internal.invokers.TestMethodWorker.invokeTestMethods(TestMethodWorker.java:154)
at org.testng.internal.invokers.TestMethodWorker.run(TestMethodWorker.java:134)
at java.base/java.util.ArrayList.forEach(ArrayList.java:1597)
at org.testng.TestRunner.privateRun(TestRunner.java:739)
at org.testng.TestRunner.run(TestRunner.java:614)
at org.testng.SuiteRunner.runTest(SuiteRunner.java:421)
at org.testng.SuiteRunner$SuiteWorker.run(SuiteRunner.java:463)
at org.testng.internal.thread.ThreadUtil.lambda$execute$0(ThreadUtil.java:64)
at java.base/java.util.concurrent.FutureTask.run(FutureTask.java:317)
at java.base/java.util.concurrent.ThreadPoolExecutor.runWorker(ThreadPoolExecutor.java:1144)
at java.base/java.util.concurrent.ThreadPoolExecutor$Worker.run(ThreadPoolExecutor.java:642)
at java.base/java.lang.Thread.run(Thread.java:1570)
]]>
            </full-stacktrace>
          </exception> <!-- java.lang.IllegalStateException -->
          <reporter-output>
          </reporter-output>
        </test-method> <!-- verifyItemCountOfCasualShirts -->
        <test-method is-config="true" signature="teardown()[pri:0, instance:com.iris22a.ProductTest@687e99d8]" started-at="2024-09-30T21:55:11 IST" name="teardown" finished-at="2024-09-30T21:55:12 IST" duration-ms="466" status="PASS">
          <reporter-output>
          </reporter-output>
        </test-method> <!-- teardown -->
        <test-method is-config="true" signature="setUP()[pri:0, instance:com.iris22a.ProductTest@687e99d8]" started-at="2024-09-30T21:55:12 IST" name="setUP" finished-at="2024-09-30T21:55:13 IST" duration-ms="824" status="PASS">
          <reporter-output>
          </reporter-output>
        </test-method> <!-- setUP -->
        <test-method signature="verifySearchResultForPoloMen()[pri:0, instance:com.iris22a.ProductTest@687e99d8]" started-at="2024-09-30T21:55:13 IST" name="verifySearchResultForPoloMen" finished-at="2024-09-30T21:55:20 IST" duration-ms="7273" status="FAIL">
          <exception class="java.lang.AssertionError">
            <message>
              <![CDATA[Product title doesn't contain polo: Striped Regular Fit T-shirt expected [true] but found [false]]]>
            </message>
            <full-stacktrace>
              <![CDATA[java.lang.AssertionError: Product title doesn't contain polo: Striped Regular Fit T-shirt expected [true] but found [false]
at org.testng.Assert.fail(Assert.java:111)
at org.testng.Assert.failNotEquals(Assert.java:1578)
at org.testng.Assert.assertTrue(Assert.java:57)
at com.iris22a.ProductTest.verifySearchResultForPoloMen(ProductTest.java:33)
at java.base/jdk.internal.reflect.DirectMethodHandleAccessor.invoke(DirectMethodHandleAccessor.java:103)
at java.base/java.lang.reflect.Method.invoke(Method.java:580)
at org.testng.internal.invokers.MethodInvocationHelper.invokeMethod(MethodInvocationHelper.java:141)
at org.testng.internal.invokers.TestInvoker.invokeMethod(TestInvoker.java:686)
at org.testng.internal.invokers.TestInvoker.invokeTestMethod(TestInvoker.java:230)
at org.testng.internal.invokers.MethodRunner.runInSequence(MethodRunner.java:63)
at org.testng.internal.invokers.TestInvoker$MethodInvocationAgent.invoke(TestInvoker.java:992)
at org.testng.internal.invokers.TestInvoker.invokeTestMethods(TestInvoker.java:203)
at org.testng.internal.invokers.TestMethodWorker.invokeTestMethods(TestMethodWorker.java:154)
at org.testng.internal.invokers.TestMethodWorker.run(TestMethodWorker.java:134)
at java.base/java.util.ArrayList.forEach(ArrayList.java:1597)
at org.testng.TestRunner.privateRun(TestRunner.java:739)
at org.testng.TestRunner.run(TestRunner.java:614)
at org.testng.SuiteRunner.runTest(SuiteRunner.java:421)
at org.testng.SuiteRunner$SuiteWorker.run(SuiteRunner.java:463)
at org.testng.internal.thread.ThreadUtil.lambda$execute$0(ThreadUtil.java:64)
at java.base/java.util.concurrent.FutureTask.run(FutureTask.java:317)
at java.base/java.util.concurrent.ThreadPoolExecutor.runWorker(ThreadPoolExecutor.java:1144)
at java.base/java.util.concurrent.ThreadPoolExecutor$Worker.run(ThreadPoolExecutor.java:642)
at java.base/java.lang.Thread.run(Thread.java:1570)
]]>
            </full-stacktrace>
          </exception> <!-- java.lang.AssertionError -->
          <reporter-output>
          </reporter-output>
        </test-method> <!-- verifySearchResultForPoloMen -->
        <test-method is-config="true" signature="teardown()[pri:0, instance:com.iris22a.ProductTest@687e99d8]" started-at="2024-09-30T21:55:20 IST" name="teardown" finished-at="2024-09-30T21:55:20 IST" duration-ms="433" status="PASS">
          <reporter-output>
          </reporter-output>
        </test-method> <!-- teardown -->
      </class> <!-- com.iris22a.ProductTest -->
    </test> <!-- demo -->
  </suite> <!-- Suite -->
</testng-results>
