<?xml version="1.0" encoding="UTF-8"?>
<!-- Generated by org.testng.reporters.JUnitReportReporter -->
<testsuite hostname="LAPTOP-VTUTN60H" failures="8" tests="24" name="com.runner.RunnerTest" time="174.478" errors="1" timestamp="2024-10-01T11:51:55 IST" skipped="0">
  <testcase classname="com.runner.RunnerTest" name="runScenario" time="13.505">
    <failure message="Product title doesn&#039;t contain polo: Women Striped Cotton T-shirt expected [true] but found [false]" type="java.lang.AssertionError">
      <![CDATA[java.lang.AssertionError: Product title doesn't contain polo: Women Striped Cotton T-shirt expected [true] but found [false]
at org.testng.Assert.fail(Assert.java:111)
at org.testng.Assert.failNotEquals(Assert.java:1578)
at org.testng.Assert.assertTrue(Assert.java:57)
at com.iris22a.stepdefinition.ProductsSteps.getSearchResult(ProductsSteps.java:46)
at ✽.All result should be related to polo.(file:///C:/Users/poonam/eclipse-workspace/iris22a/src/test/resources/Features/Sample.feature:18)
]]>
    </failure>
  </testcase> <!-- runScenario -->
  <testcase classname="com.runner.RunnerTest" name="runScenario" time="6.038">
    <error message="stale element reference: stale element not found in the current frame
  (Session info: chrome=129.0.6668.70)
For documentation on this error, please visit: https://www.selenium.dev/documentation/webdriver/troubleshooting/errors#stale-element-reference-exception
Build info: version: &#039;4.23.1&#039;, revision: &#039;656257d8e9&#039;
System info: os.name: &#039;Windows 11&#039;, os.arch: &#039;amd64&#039;, os.version: &#039;10.0&#039;, java.version: &#039;22.0.2&#039;
Driver info: org.openqa.selenium.chrome.ChromeDriver
Command: [c928b7c5aa0d98679823a08534f9088a, actions {actions=[org.openqa.selenium.interactions.Sequence@158cf427]}]
Capabilities {acceptInsecureCerts: false, browserName: chrome, browserVersion: 129.0.6668.70, chrome: {chromedriverVersion: 129.0.6668.70 (df87d5cf12b1..., userDataDir: C:\Users\poonam\AppData\Loc...}, fedcm:accounts: true, goog:chromeOptions: {debuggerAddress: localhost:59163}, networkConnectionEnabled: false, pageLoadStrategy: normal, platformName: windows, proxy: Proxy(), se:cdp: ws://localhost:59163/devtoo..., se:cdpVersion: 129.0.6668.70, setWindowRect: true, strictFileInteractability: false, timeouts: {implicit: 0, pageLoad: 300000, script: 30000}, unhandledPromptBehavior: dismiss and notify, webauthn:extension:credBlob: true, webauthn:extension:largeBlob: true, webauthn:extension:minPinLength: true, webauthn:extension:prf: true, webauthn:virtualAuthenticators: true}
Session ID: c928b7c5aa0d98679823a08534f9088a" type="org.openqa.selenium.StaleElementReferenceException">
      <![CDATA[org.openqa.selenium.StaleElementReferenceException: stale element reference: stale element not found in the current frame
  (Session info: chrome=129.0.6668.70)
For documentation on this error, please visit: https://www.selenium.dev/documentation/webdriver/troubleshooting/errors#stale-element-reference-exception
Build info: version: '4.23.1', revision: '656257d8e9'
System info: os.name: 'Windows 11', os.arch: 'amd64', os.version: '10.0', java.version: '22.0.2'
Driver info: org.openqa.selenium.chrome.ChromeDriver
Command: [c928b7c5aa0d98679823a08534f9088a, actions {actions=[org.openqa.selenium.interactions.Sequence@158cf427]}]
Capabilities {acceptInsecureCerts: false, browserName: chrome, browserVersion: 129.0.6668.70, chrome: {chromedriverVersion: 129.0.6668.70 (df87d5cf12b1..., userDataDir: C:\Users\poonam\AppData\Loc...}, fedcm:accounts: true, goog:chromeOptions: {debuggerAddress: localhost:59163}, networkConnectionEnabled: false, pageLoadStrategy: normal, platformName: windows, proxy: Proxy(), se:cdp: ws://localhost:59163/devtoo..., se:cdpVersion: 129.0.6668.70, setWindowRect: true, strictFileInteractability: false, timeouts: {implicit: 0, pageLoad: 300000, script: 30000}, unhandledPromptBehavior: dismiss and notify, webauthn:extension:credBlob: true, webauthn:extension:largeBlob: true, webauthn:extension:minPinLength: true, webauthn:extension:prf: true, webauthn:virtualAuthenticators: true}
Session ID: c928b7c5aa0d98679823a08534f9088a
at java.base/jdk.internal.reflect.DirectConstructorHandleAccessor.newInstance(DirectConstructorHandleAccessor.java:62)
at java.base/java.lang.reflect.Constructor.newInstanceWithCaller(Constructor.java:502)
at java.base/java.lang.reflect.Constructor.newInstance(Constructor.java:486)
at org.openqa.selenium.remote.ErrorCodec.decode(ErrorCodec.java:167)
at org.openqa.selenium.remote.codec.w3c.W3CHttpResponseCodec.decode(W3CHttpResponseCodec.java:138)
at org.openqa.selenium.remote.codec.w3c.W3CHttpResponseCodec.decode(W3CHttpResponseCodec.java:50)
at org.openqa.selenium.remote.HttpCommandExecutor.execute(HttpCommandExecutor.java:190)
at org.openqa.selenium.remote.service.DriverCommandExecutor.invokeExecute(DriverCommandExecutor.java:216)
at org.openqa.selenium.remote.service.DriverCommandExecutor.execute(DriverCommandExecutor.java:174)
at org.openqa.selenium.remote.RemoteWebDriver.execute(RemoteWebDriver.java:545)
at org.openqa.selenium.remote.RemoteWebDriver.perform(RemoteWebDriver.java:631)
at org.openqa.selenium.interactions.Actions$BuiltAction.perform(Actions.java:613)
at org.openqa.selenium.interactions.Actions.perform(Actions.java:578)
at com.iris22a.keywords.UIkeyword.mouseMove(UIkeyword.java:176)
at com.iris22a.pages.HomePage.hoverOnMenMenu(HomePage.java:53)
at com.iris22a.stepdefinition.ProductsSteps.hoverOnMenMenu(ProductsSteps.java:55)
at ✽.User hovers on men menu(file:///C:/Users/poonam/eclipse-workspace/iris22a/src/test/resources/Features/products.feature:34)
]]>
    </error>
  </testcase> <!-- runScenario -->
  <testcase classname="com.runner.RunnerTest" name="runScenario" time="10.439"/>
  <testcase classname="com.runner.RunnerTest" name="runScenario" time="7.908"/>
  <testcase classname="com.runner.RunnerTest" name="runScenario" time="10.412">
    <failure message="Product title doesn&#039;t contain polo: Women Striped Cotton T-shirt expected [true] but found [false]" type="java.lang.AssertionError">
      <![CDATA[java.lang.AssertionError: Product title doesn't contain polo: Women Striped Cotton T-shirt expected [true] but found [false]
at org.testng.Assert.fail(Assert.java:111)
at org.testng.Assert.failNotEquals(Assert.java:1578)
at org.testng.Assert.assertTrue(Assert.java:57)
at com.iris22a.stepdefinition.ProductsSteps.getSearchResult(ProductsSteps.java:46)
at ✽.All result should be related to polo.(file:///C:/Users/poonam/eclipse-workspace/iris22a/src/test/resources/Features/Sample.feature:40)
]]>
    </failure>
  </testcase> <!-- runScenario -->
  <testcase classname="com.runner.RunnerTest" name="runScenario" time="13.226"/>
  <testcase classname="com.runner.RunnerTest" name="runScenario" time="1.730"/>
  <testcase classname="com.runner.RunnerTest" name="runScenario" time="8.781">
    <failure message="Product title doesn&#039;t contain polo: Women Striped Cotton T-shirt expected [true] but found [false]" type="java.lang.AssertionError">
      <![CDATA[java.lang.AssertionError: Product title doesn't contain polo: Women Striped Cotton T-shirt expected [true] but found [false]
at org.testng.Assert.fail(Assert.java:111)
at org.testng.Assert.failNotEquals(Assert.java:1578)
at org.testng.Assert.assertTrue(Assert.java:57)
at com.iris22a.stepdefinition.ProductsSteps.getSearchResult(ProductsSteps.java:46)
at ✽.All result should be related to polo.(file:///C:/Users/poonam/eclipse-workspace/iris22a/src/test/resources/Features/products.feature:18)
]]>
    </failure>
  </testcase> <!-- runScenario -->
  <testcase classname="com.runner.RunnerTest" name="runScenario" time="7.465">
    <failure message="Product title doesn&#039;t contain polo: Women Striped Cotton T-shirt expected [true] but found [false]" type="java.lang.AssertionError">
      <![CDATA[java.lang.AssertionError: Product title doesn't contain polo: Women Striped Cotton T-shirt expected [true] but found [false]
at org.testng.Assert.fail(Assert.java:111)
at org.testng.Assert.failNotEquals(Assert.java:1578)
at org.testng.Assert.assertTrue(Assert.java:57)
at com.iris22a.stepdefinition.ProductsSteps.getSearchResult(ProductsSteps.java:46)
at ✽.All result should be related to polo.(file:///C:/Users/poonam/eclipse-workspace/iris22a/src/test/resources/Features/products.feature:40)
]]>
    </failure>
  </testcase> <!-- runScenario -->
  <testcase classname="com.runner.RunnerTest" name="runScenario" time="8.483"/>
  <testcase classname="com.runner.RunnerTest" name="runScenario" time="9.012">
    <failure message="Product title doesn&#039;t contain polo: Women Striped Cotton T-shirt expected [true] but found [false]" type="java.lang.AssertionError">
      <![CDATA[java.lang.AssertionError: Product title doesn't contain polo: Women Striped Cotton T-shirt expected [true] but found [false]
at org.testng.Assert.fail(Assert.java:111)
at org.testng.Assert.failNotEquals(Assert.java:1578)
at org.testng.Assert.assertTrue(Assert.java:57)
at com.iris22a.stepdefinition.ProductsSteps.getSearchResult(ProductsSteps.java:46)
at ✽.All result should be related to polo.(file:///C:/Users/poonam/eclipse-workspace/iris22a/src/test/resources/Features/Sample.feature:30)
]]>
    </failure>
  </testcase> <!-- runScenario -->
  <testcase classname="com.runner.RunnerTest" name="runScenario" time="1.843"/>
  <testcase classname="com.runner.RunnerTest" name="runScenario" time="2.021"/>
  <testcase classname="com.runner.RunnerTest" name="runScenario" time="2.236"/>
  <testcase classname="com.runner.RunnerTest" name="runScenario" time="12.985"/>
  <testcase classname="com.runner.RunnerTest" name="runScenario" time="1.807"/>
  <testcase classname="com.runner.RunnerTest" name="runScenario" time="9.040"/>
  <testcase classname="com.runner.RunnerTest" name="runScenario" time="7.360">
    <failure message="Product title doesn&#039;t contain polo: Women Striped Cotton T-shirt expected [true] but found [false]" type="java.lang.AssertionError">
      <![CDATA[java.lang.AssertionError: Product title doesn't contain polo: Women Striped Cotton T-shirt expected [true] but found [false]
at org.testng.Assert.fail(Assert.java:111)
at org.testng.Assert.failNotEquals(Assert.java:1578)
at org.testng.Assert.assertTrue(Assert.java:57)
at com.iris22a.stepdefinition.ProductsSteps.getSearchResult(ProductsSteps.java:46)
at ✽.All result should be related to polo.(file:///C:/Users/poonam/eclipse-workspace/iris22a/src/test/resources/Features/products.feature:30)
]]>
    </failure>
  </testcase> <!-- runScenario -->
  <testcase classname="com.runner.RunnerTest" name="runScenario" time="10.370">
    <failure message="Product title doesn&#039;t contain polo: Women Striped Cotton T-shirt expected [true] but found [false]" type="java.lang.AssertionError">
      <![CDATA[java.lang.AssertionError: Product title doesn't contain polo: Women Striped Cotton T-shirt expected [true] but found [false]
at org.testng.Assert.fail(Assert.java:111)
at org.testng.Assert.failNotEquals(Assert.java:1578)
at org.testng.Assert.assertTrue(Assert.java:57)
at com.iris22a.stepdefinition.ProductsSteps.getSearchResult(ProductsSteps.java:46)
at ✽.All result should be related to polo.(file:///C:/Users/poonam/eclipse-workspace/iris22a/src/test/resources/Features/products.feature:7)
]]>
    </failure>
  </testcase> <!-- runScenario -->
  <testcase classname="com.runner.RunnerTest" name="runScenario" time="2.371"/>
  <testcase classname="com.runner.RunnerTest" name="runScenario" time="1.753"/>
  <testcase classname="com.runner.RunnerTest" name="runScenario" time="8.779"/>
  <testcase classname="com.runner.RunnerTest" name="runScenario" time="1.797"/>
  <testcase classname="com.runner.RunnerTest" name="runScenario" time="15.117">
    <failure message="Product title doesn&#039;t contain polo: Women Striped Cotton T-shirt expected [true] but found [false]" type="java.lang.AssertionError">
      <![CDATA[java.lang.AssertionError: Product title doesn't contain polo: Women Striped Cotton T-shirt expected [true] but found [false]
at org.testng.Assert.fail(Assert.java:111)
at org.testng.Assert.failNotEquals(Assert.java:1578)
at org.testng.Assert.assertTrue(Assert.java:57)
at com.iris22a.stepdefinition.ProductsSteps.getSearchResult(ProductsSteps.java:46)
at ✽.All result should be related to polo.(file:///C:/Users/poonam/eclipse-workspace/iris22a/src/test/resources/Features/Sample.feature:7)
]]>
    </failure>
  </testcase> <!-- runScenario -->
</testsuite> <!-- com.runner.RunnerTest -->
